unsigned char x11_icon_bmp[] = {
	0x42, 0x4d, 0x8a, 0x24, 0x00, 0x00, 0x00, 0x00, 0x00, 0x00, 0x8a, 0x00,
	0x00, 0x00, 0x7c, 0x00, 0x00, 0x00, 0x30, 0x00, 0x00, 0x00, 0x30, 0x00,
	0x00, 0x00, 0x01, 0x00, 0x20, 0x00, 0x03, 0x00, 0x00, 0x00, 0x00, 0x24,
	0x00, 0x00, 0x23, 0x2e, 0x00, 0x00, 0x23, 0x2e, 0x00, 0x00, 0x00, 0x00,
	0x00, 0x00, 0x00, 0x00, 0x00, 0x00, 0x00, 0x00, 0xff, 0x00, 0x00, 0xff,
	0x00, 0x00, 0xff, 0x00, 0x00, 0x00, 0x00, 0x00, 0x00, 0x00, 0x42, 0x47,
	0x52, 0x73, 0x00, 0x00, 0x00, 0x00, 0x00, 0x00, 0x00, 0x00, 0x00, 0x00,
	0x00, 0x00, 0x00, 0x00, 0x00, 0x00, 0x00, 0x00, 0x00, 0x00, 0x00, 0x00,
	0x00, 0x00, 0x00, 0x00, 0x00, 0x00, 0x00, 0x00, 0x00, 0x00, 0x00, 0x00,
	0x00, 0x00, 0x00, 0x00, 0x00, 0x00, 0x00, 0x00, 0x00, 0x00, 0x00, 0x00,
	0x00, 0x00, 0x02, 0x00, 0x00, 0x00, 0x00, 0x00, 0x00, 0x00, 0x00, 0x00,
	0x00, 0x00, 0x00, 0x00, 0x00, 0x00, 0x37, 0x49, 0x5a, 0x00, 0x47, 0x4f,
	0x5f, 0x00, 0x50, 0x5e, 0x71, 0x00, 0x69, 0x71, 0x7b, 0x00, 0x3b, 0x37,
	0x39, 0x00, 0x6e, 0x75, 0x8b, 0x00, 0x72, 0x89, 0xb7, 0x00, 0x80, 0x9e,
	0xd6, 0x00, 0x7f, 0x98, 0xc7, 0x00, 0x78, 0x87, 0xa4, 0x00, 0x6f, 0x83,
	0xac, 0x00, 0x79, 0x8c, 0xb2, 0x00, 0x8c, 0xa1, 0xd0, 0x00, 0x8c, 0xa0,
	0xc8, 0x00, 0x66, 0x76, 0x9d, 0x00, 0x7a, 0x93, 0xc5, 0x00, 0x80, 0x97,
	0xc4, 0x00, 0x96, 0xa7, 0xc4, 0x00, 0x7c, 0x89, 0xa2, 0x00, 0x68, 0x71,
	0x88, 0x00, 0x88, 0x97, 0xb6, 0x00, 0xaf, 0xc6, 0xe8, 0x00, 0x7b, 0x88,
	0xa4, 0x00, 0x52, 0x5e, 0x83, 0x00, 0x62, 0x71, 0x9a, 0x00, 0x58, 0x67,
	0x8d, 0x00, 0x72, 0x7d, 0x9f, 0x00, 0x56, 0x61, 0x82, 0x00, 0x4a, 0x4d,
	0x5d, 0x00, 0x6f, 0x7e, 0xa3, 0x00, 0x6a, 0x74, 0x8d, 0x00, 0x70, 0x78,
	0x8c, 0x00, 0x56, 0x61, 0x80, 0x00, 0x60, 0x66, 0x7e, 0x00, 0x8a, 0x92,
	0x99, 0x00, 0x9c, 0xbf, 0xdb, 0x00, 0x91, 0xb4, 0xd1, 0x00, 0x97, 0xb9,
	0xd1, 0x00, 0x94, 0xb6, 0xd1, 0x00, 0x8d, 0xb1, 0xd1, 0x00, 0x87, 0xab,
	0xd0, 0x00, 0x8e, 0xb1, 0xd3, 0x00, 0x8e, 0xb2, 0xd3, 0x00, 0x93, 0xb4,
	0xd4, 0x00, 0x9c, 0xb9, 0xdd, 0x00, 0x94, 0xb5, 0xd5, 0x00, 0x94, 0xb7,
	0xd4, 0x00, 0x9a, 0xbc, 0xd6, 0x00, 0x5f, 0x68, 0x7f, 0x00, 0x69, 0x76,
	0x92, 0x00, 0x79, 0x8e, 0xb8, 0x00, 0x52, 0x5b, 0x72, 0x00, 0x33, 0x30,
	0x34, 0x00, 0x67, 0x72, 0x8e, 0x00, 0x70, 0x8b, 0xbf, 0x00, 0x74, 0x8f,
	0xc3, 0x00, 0x7a, 0x8c, 0xae, 0x00, 0x73, 0x88, 0xb2, 0x00, 0x84, 0x9e,
	0xcd, 0x00, 0x8d, 0xa5, 0xd2, 0x00, 0x98, 0xb4, 0xe9, 0x00, 0x6b, 0x76,
	0x8f, 0x00, 0x58, 0x65, 0x87, 0x00, 0x74, 0x8d, 0xc2, 0x00, 0x8d, 0xa6,
	0xd1, 0x00, 0xa8, 0xbc, 0xda, 0x00, 0x92, 0xa1, 0xbb, 0x00, 0x8d, 0x98,
	0xac, 0x00, 0x6b, 0x75, 0x8e, 0x00, 0xae, 0xc6, 0xec, 0x00, 0x77, 0x80,
	0x93, 0x00, 0x4a, 0x52, 0x6c, 0x00, 0x5f, 0x6c, 0x93, 0x00, 0x5c, 0x6b,
	0x91, 0x00, 0x6b, 0x79, 0x9e, 0x00, 0x52, 0x5d, 0x7f, 0x00, 0x54, 0x5d,
	0x78, 0x00, 0x65, 0x70, 0x95, 0x00, 0x7b, 0x89, 0xab, 0x00, 0x72, 0x7c,
	0x92, 0x00, 0x59, 0x61, 0x7a, 0x00, 0x67, 0x65, 0x6c, 0x00, 0x96, 0xa9,
	0xb5, 0x00, 0x9d, 0xc0, 0xe0, 0x00, 0xab, 0xc7, 0xe3, 0x00, 0x98, 0xba,
	0xd2, 0x00, 0x92, 0xb7, 0xcf, 0x00, 0x95, 0xb9, 0xd2, 0x00, 0x96, 0xba,
	0xd4, 0x00, 0x92, 0xb6, 0xd2, 0x00, 0x97, 0xba, 0xd4, 0x00, 0x8f, 0xb2,
	0xce, 0x00, 0xa5, 0xc2, 0xe3, 0x00, 0xb1, 0xcb, 0xeb, 0x00, 0x94, 0xb7,
	0xd8, 0x00, 0x9e, 0xbf, 0xdd, 0x00, 0x7d, 0x98, 0xcc, 0x00, 0x65, 0x77,
	0x9b, 0x00, 0x62, 0x73, 0x9a, 0x00, 0x82, 0x99, 0xc5, 0x00, 0x3e, 0x3e,
	0x45, 0x00, 0x68, 0x76, 0x97, 0x00, 0x6f, 0x8b, 0xc4, 0x00, 0x66, 0x79,
	0x9f, 0x00, 0x7e, 0x91, 0xb4, 0x00, 0x75, 0x92, 0xcb, 0x00, 0x90, 0xab,
	0xdb, 0x00, 0x9b, 0xb8, 0xea, 0x00, 0x88, 0x9c, 0xbf, 0x00, 0x53, 0x58,
	0x67, 0x00, 0x5b, 0x68, 0x89, 0x00, 0x70, 0x8a, 0xbe, 0x00, 0x91, 0xa7,
	0xcc, 0x00, 0x9e, 0xb2, 0xd2, 0x00, 0xa4, 0xba, 0xda, 0x00, 0xa3, 0xb2,
	0xca, 0x00, 0x7f, 0x8a, 0xa1, 0x00, 0x86, 0x97, 0xbb, 0x00, 0x91, 0x9e,
	0xb5, 0x00, 0x73, 0x7b, 0x8e, 0x00, 0x50, 0x57, 0x72, 0x00, 0x62, 0x74,
	0x9e, 0x00, 0x69, 0x76, 0x9d, 0x00, 0x47, 0x4b, 0x60, 0x00, 0x5b, 0x66,
	0x85, 0x00, 0x64, 0x70, 0x96, 0x00, 0x8d, 0x9d, 0xc0, 0x00, 0x5a, 0x5e,
	0x6d, 0x00, 0x52, 0x56, 0x65, 0x00, 0x8e, 0x98, 0x9e, 0x00, 0xb6, 0xd2,
	0xe8, 0x00, 0xb2, 0xcb, 0xe9, 0x00, 0xc2, 0xd9, 0xf6, 0x00, 0xad, 0xc9,
	0xdf, 0x00, 0x94, 0xb8, 0xcd, 0x00, 0x96, 0xba, 0xd2, 0x00, 0x99, 0xbc,
	0xd4, 0x00, 0x95, 0xb9, 0xd5, 0x00, 0x94, 0xb9, 0xd3, 0x00, 0x98, 0xbb,
	0xd1, 0x00, 0x9f, 0xc1, 0xd6, 0x00, 0xb3, 0xd0, 0xeb, 0x00, 0x96, 0xbb,
	0xda, 0x00, 0x98, 0xbc, 0xda, 0x00, 0x70, 0x85, 0xaf, 0x00, 0x45, 0x48,
	0x56, 0x00, 0x56, 0x62, 0x84, 0x00, 0x89, 0xa7, 0xdd, 0x00, 0x56, 0x5b,
	0x6b, 0x00, 0x68, 0x79, 0x9e, 0x00, 0x67, 0x82, 0xb9, 0x00, 0x60, 0x6e,
	0x8e, 0x00, 0x77, 0x92, 0xc7, 0x00, 0x77, 0x8f, 0xc0, 0x00, 0x8f, 0xab,
	0xe0, 0x00, 0x93, 0xac, 0xd7, 0x00, 0x79, 0x84, 0x98, 0x00, 0x75, 0x81,
	0x9a, 0x00, 0x4e, 0x57, 0x75, 0x00, 0x72, 0x8b, 0xbd, 0x00, 0x7c, 0x8e,
	0xae, 0x00, 0x8f, 0xa9, 0xd2, 0x00, 0xa8, 0xbd, 0xde, 0x00, 0xb3, 0xc3,
	0xdd, 0x00, 0x83, 0x8f, 0xa7, 0x00, 0x5f, 0x67, 0x7c, 0x00, 0xa0, 0xb3,
	0xd4, 0x00, 0x9d, 0xab, 0xc1, 0x00, 0x60, 0x69, 0x83, 0x00, 0x5d, 0x6d,
	0x95, 0x00, 0x5c, 0x68, 0x8e, 0x00, 0x48, 0x4d, 0x61, 0x00, 0x63, 0x72,
	0x96, 0x00, 0x73, 0x83, 0xab, 0x00, 0x82, 0x90, 0xad, 0x00, 0x3a, 0x37,
	0x3b, 0x00, 0x7a, 0x83, 0x8f, 0x00, 0xa1, 0xbb, 0xcd, 0x00, 0xbb, 0xd6,
	0xeb, 0x00, 0xbc, 0xd4, 0xeb, 0x00, 0xb4, 0xcd, 0xea, 0x00, 0xa6, 0xc5,
	0xdc, 0x00, 0x99, 0xb9, 0xcc, 0x00, 0x90, 0xb4, 0xcf, 0x00, 0x95, 0xb9,
	0xd5, 0x00, 0x90, 0xb4, 0xd2, 0x00, 0x8e, 0xb3, 0xd1, 0x00, 0x92, 0xb6,
	0xd2, 0x00, 0x98, 0xbb, 0xd2, 0x00, 0x9a, 0xbf, 0xd6, 0x00, 0x95, 0xba,
	0xd8, 0x00, 0x96, 0xba, 0xd8, 0x00, 0x4c, 0x50, 0x61, 0x00, 0x61, 0x6b,
	0x82, 0x00, 0x57, 0x5e, 0x72, 0x00, 0x6d, 0x80, 0xa7, 0x00, 0x5f, 0x6a,
	0x85, 0x00, 0x68, 0x79, 0xa1, 0x00, 0x5e, 0x74, 0xa1, 0x00, 0x5a, 0x69,
	0x8d, 0x00, 0x6b, 0x84, 0xba, 0x00, 0x81, 0x98, 0xc4, 0x00, 0x8c, 0xa9,
	0xdf, 0x00, 0x71, 0x7e, 0x9a, 0x00, 0x92, 0xa4, 0xc5, 0x00, 0x5d, 0x66,
	0x7e, 0x00, 0x59, 0x65, 0x85, 0x00, 0x72, 0x88, 0xb5, 0x00, 0x6f, 0x80,
	0xa3, 0x00, 0x93, 0xad, 0xda, 0x00, 0xa6, 0xbd, 0xe0, 0x00, 0xb1, 0xc9,
	0xed, 0x00, 0x88, 0x99, 0xba, 0x00, 0x7d, 0x8c, 0xac, 0x00, 0x98, 0xad,
	0xd3, 0x00, 0x91, 0xa0, 0xb5, 0x00, 0x4d, 0x54, 0x6a, 0x00, 0x5f, 0x6f,
	0x97, 0x00, 0x4b, 0x55, 0x75, 0x00, 0x54, 0x5f, 0x7c, 0x00, 0x66, 0x77,
	0xa1, 0x00, 0x6a, 0x76, 0x97, 0x00, 0x5a, 0x5b, 0x64, 0x00, 0x6e, 0x70,
	0x77, 0x00, 0x9c, 0xa5, 0xb4, 0x00, 0x84, 0x89, 0x95, 0x00, 0x7b, 0x87,
	0x96, 0x00, 0xb9, 0xcf, 0xde, 0x00, 0xba, 0xd4, 0xe5, 0x00, 0x9a, 0xba,
	0xd0, 0x00, 0xa9, 0xc5, 0xd8, 0x00, 0x96, 0xb7, 0xcf, 0x00, 0x95, 0xba,
	0xd5, 0x00, 0x91, 0xb4, 0xcf, 0x00, 0x94, 0xb8, 0xd2, 0x00, 0x96, 0xb9,
	0xd6, 0x00, 0xa2, 0xc3, 0xe3, 0x00, 0x93, 0xb7, 0xd5, 0x00, 0x99, 0xbb,
	0xd5, 0x00, 0xab, 0xca, 0xde, 0x00, 0x68, 0x78, 0x9d, 0x00, 0x70, 0x83,
	0xaa, 0x00, 0x55, 0x60, 0x7a, 0x00, 0x84, 0x91, 0xad, 0x00, 0x57, 0x59,
	0x63, 0x00, 0x5d, 0x6e, 0x97, 0x00, 0x53, 0x61, 0x88, 0x00, 0x56, 0x68,
	0x94, 0x00, 0x6b, 0x84, 0xb9, 0x00, 0x85, 0xa1, 0xd7, 0x00, 0x72, 0x88,
	0xb3, 0x00, 0x7e, 0x95, 0xc3, 0x00, 0x70, 0x7d, 0x99, 0x00, 0x76, 0x82,
	0x9b, 0x00, 0x6a, 0x7d, 0xa8, 0x00, 0x60, 0x71, 0x97, 0x00, 0x69, 0x7c,
	0xa1, 0x00, 0x93, 0xaf, 0xdc, 0x00, 0x90, 0xae, 0xde, 0x00, 0x97, 0xb0,
	0xdc, 0x00, 0xac, 0xc7, 0xed, 0x00, 0x6d, 0x7c, 0x9b, 0x00, 0x92, 0xa8,
	0xd1, 0x00, 0x8b, 0x9b, 0xb8, 0x00, 0x50, 0x5d, 0x81, 0x00, 0x5f, 0x70,
	0x9a, 0x00, 0x43, 0x48, 0x61, 0x00, 0x5a, 0x66, 0x85, 0x00, 0x51, 0x59,
	0x73, 0x00, 0x74, 0x7e, 0x94, 0x00, 0xaf, 0xbe, 0xd0, 0x00, 0xc7, 0xd7,
	0xec, 0x00, 0xd6, 0xe4, 0xf4, 0x00, 0xd4, 0xdf, 0xed, 0x00, 0xa9, 0xaf,
	0xba, 0x00, 0x91, 0x97, 0xa0, 0x00, 0xc4, 0xd3, 0xda, 0x00, 0xae, 0xc8,
	0xd9, 0x00, 0x93, 0xb3, 0xce, 0x00, 0x9c, 0xbc, 0xd4, 0x00, 0x8d, 0xb1,
	0xd2, 0x00, 0x9a, 0xb9, 0xd1, 0x00, 0xac, 0xca, 0xd9, 0x00, 0x98, 0xbc,
	0xd6, 0x00, 0x9d, 0xc0, 0xe0, 0x00, 0x9a, 0xbc, 0xdd, 0x00, 0xa1, 0xc0,
	0xd9, 0x00, 0xa5, 0xc6, 0xe3, 0x00, 0x74, 0x8b, 0xbb, 0x00, 0x58, 0x61,
	0x77, 0x00, 0x46, 0x4d, 0x63, 0x00, 0x90, 0xa7, 0xd6, 0x00, 0x98, 0xa1,
	0xb0, 0x00, 0x3d, 0x43, 0x58, 0x00, 0x51, 0x60, 0x8a, 0x00, 0x54, 0x68,
	0x96, 0x00, 0x68, 0x7e, 0xac, 0x00, 0x79, 0x93, 0xc7, 0x00, 0x71, 0x8a,
	0xb8, 0x00, 0x75, 0x91, 0xc7, 0x00, 0x92, 0x9e, 0xb2, 0x00, 0x91, 0xa2,
	0xc1, 0x00, 0x61, 0x77, 0xa8, 0x00, 0x61, 0x73, 0x99, 0x00, 0x5d, 0x6a,
	0x86, 0x00, 0x74, 0x8d, 0xb8, 0x00, 0x85, 0xa2, 0xd4, 0x00, 0x8d, 0xa7,
	0xd6, 0x00, 0xa5, 0xc1, 0xec, 0x00, 0x85, 0x99, 0xb9, 0x00, 0x73, 0x7f,
	0x9d, 0x00, 0x79, 0x84, 0x9a, 0x00, 0x43, 0x4e, 0x70, 0x00, 0x4e, 0x5c,
	0x81, 0x00, 0x39, 0x39, 0x43, 0x00, 0x4e, 0x53, 0x64, 0x00, 0x83, 0x96,
	0xb9, 0x00, 0x9f, 0xb9, 0xe1, 0x00, 0xb7, 0xd1, 0xf3, 0x00, 0xc2, 0xd5,
	0xee, 0x00, 0xc7, 0xd5, 0xe9, 0x00, 0xc2, 0xce, 0xe4, 0x00, 0xaa, 0xb4,
	0xce, 0x00, 0x8c, 0x8d, 0x9b, 0x00, 0x93, 0x9a, 0xa1, 0x00, 0xb4, 0xcc,
	0xd9, 0x00, 0x87, 0xa8, 0xc6, 0x00, 0x90, 0xb2, 0xcf, 0x00, 0x91, 0xb4,
	0xd4, 0x00, 0x89, 0xab, 0xcc, 0x00, 0x93, 0xb7, 0xd8, 0x00, 0x98, 0xbb,
	0xd6, 0x00, 0x97, 0xbb, 0xda, 0x00, 0x91, 0xb1, 0xd1, 0x00, 0x9b, 0xbb,
	0xe3, 0x00, 0x9b, 0xbd, 0xe9, 0x00, 0x53, 0x5c, 0x75, 0x00, 0x60, 0x6c,
	0x84, 0x00, 0x53, 0x5c, 0x76, 0x00, 0x78, 0x92, 0xc7, 0x00, 0xbb, 0xd1,
	0xf1, 0x00, 0x68, 0x6d, 0x7e, 0x00, 0x46, 0x54, 0x7c, 0x00, 0x55, 0x69,
	0x95, 0x00, 0x71, 0x87, 0xb9, 0x00, 0x6f, 0x84, 0xb0, 0x00, 0x6c, 0x88,
	0xbe, 0x00, 0x7d, 0x93, 0xbf, 0x00, 0xa6, 0xbc, 0xdc, 0x00, 0x5e, 0x6b,
	0x8a, 0x00, 0x69, 0x81, 0xb4, 0x00, 0x63, 0x78, 0xa4, 0x00, 0x5e, 0x6f,
	0x93, 0x00, 0x6c, 0x81, 0xa9, 0x00, 0x81, 0x9d, 0xce, 0x00, 0x88, 0xa3,
	0xd2, 0x00, 0x90, 0xa9, 0xd4, 0x00, 0x9a, 0xb6, 0xe3, 0x00, 0x79, 0x8e,
	0xb9, 0x00, 0x59, 0x61, 0x79, 0x00, 0x41, 0x43, 0x51, 0x00, 0x44, 0x47,
	0x55, 0x00, 0x5d, 0x65, 0x79, 0x00, 0x83, 0x97, 0xbd, 0x00, 0x95, 0xac,
	0xd3, 0x00, 0xa6, 0xbd, 0xe0, 0x00, 0xaf, 0xc3, 0xdf, 0x00, 0xb2, 0xc3,
	0xe1, 0x00, 0x90, 0x9c, 0xb9, 0x00, 0x75, 0x7a, 0x8c, 0x00, 0x62, 0x63,
	0x6f, 0x00, 0x69, 0x6c, 0x7b, 0x00, 0x62, 0x64, 0x6e, 0x00, 0x86, 0x91,
	0x98, 0x00, 0x98, 0xaf, 0xc6, 0x00, 0x9d, 0xbc, 0xd5, 0x00, 0x9b, 0xb9,
	0xd0, 0x00, 0x92, 0xb1, 0xcd, 0x00, 0x9a, 0xbd, 0xdb, 0x00, 0x9f, 0xbe,
	0xd8, 0x00, 0x94, 0xb4, 0xda, 0x00, 0x98, 0xb1, 0xd7, 0x00, 0xac, 0xcb,
	0xee, 0x00, 0xab, 0xca, 0xe6, 0x00, 0x5a, 0x68, 0x87, 0x00, 0x77, 0x8e,
	0xb9, 0x00, 0x4b, 0x4f, 0x5d, 0x00, 0x62, 0x74, 0x99, 0x00, 0x9c, 0xbc,
	0xef, 0x00, 0x8b, 0x9c, 0xbb, 0x00, 0x40, 0x4c, 0x71, 0x00, 0x5b, 0x71,
	0xa2, 0x00, 0x6f, 0x87, 0xb9, 0x00, 0x66, 0x79, 0xa3, 0x00, 0x66, 0x7f,
	0xb3, 0x00, 0x8e, 0xa6, 0xd5, 0x00, 0x79, 0x87, 0xa1, 0x00, 0x4c, 0x55,
	0x74, 0x00, 0x60, 0x73, 0x9f, 0x00, 0x6a, 0x82, 0xb4, 0x00, 0x46, 0x4b,
	0x5d, 0x00, 0x5b, 0x67, 0x81, 0x00, 0x75, 0x8a, 0xb3, 0x00, 0x7f, 0x98,
	0xc7, 0x00, 0x7d, 0x99, 0xca, 0x00, 0x77, 0x94, 0xc9, 0x00, 0x75, 0x92,
	0xc9, 0x00, 0x77, 0x8f, 0xbe, 0x00, 0x73, 0x86, 0xad, 0x00, 0x81, 0x95,
	0xbc, 0x00, 0x85, 0x98, 0xc2, 0x00, 0x8c, 0x9d, 0xc0, 0x00, 0xa4, 0xb7,
	0xdb, 0x00, 0xa6, 0xbe, 0xe8, 0x00, 0x8a, 0x9e, 0xc3, 0x00, 0x70, 0x7a,
	0x96, 0x00, 0x58, 0x5d, 0x70, 0x00, 0x52, 0x55, 0x64, 0x00, 0x5f, 0x65,
	0x79, 0x00, 0x67, 0x6e, 0x86, 0x00, 0x60, 0x60, 0x67, 0x00, 0xa3, 0xa6,
	0xae, 0x00, 0x85, 0x8a, 0x95, 0x00, 0x9f, 0xb7, 0xc5, 0x00, 0xa9, 0xc5,
	0xd5, 0x00, 0xa9, 0xc6, 0xd9, 0x00, 0xa8, 0xc3, 0xd4, 0x00, 0xb6, 0xcb,
	0xd9, 0x00, 0xa8, 0xba, 0xd4, 0x00, 0xbd, 0xd2, 0xee, 0x00, 0xbf, 0xda,
	0xee, 0x00, 0xaa, 0xca, 0xe3, 0x00, 0x73, 0x8d, 0xbf, 0x00, 0x6a, 0x7f,
	0xa6, 0x00, 0x4f, 0x55, 0x67, 0x00, 0x4c, 0x50, 0x60, 0x00, 0x50, 0x59,
	0x6c, 0x00, 0x67, 0x75, 0x90, 0x00, 0x47, 0x51, 0x73, 0x00, 0x5d, 0x75,
	0xa7, 0x00, 0x6a, 0x82, 0xb3, 0x00, 0x64, 0x78, 0xa5, 0x00, 0x68, 0x82,
	0xb7, 0x00, 0x84, 0x9c, 0xca, 0x00, 0x78, 0x85, 0x9f, 0x00, 0x43, 0x4a,
	0x63, 0x00, 0x68, 0x7b, 0xa5, 0x00, 0x58, 0x64, 0x83, 0x00, 0x51, 0x59,
	0x70, 0x00, 0x5f, 0x6e, 0x8e, 0x00, 0x6c, 0x7f, 0xa5, 0x00, 0x66, 0x7c,
	0xaa, 0x00, 0x6f, 0x89, 0xbd, 0x00, 0x6e, 0x88, 0xba, 0x00, 0x72, 0x88,
	0xb6, 0x00, 0x74, 0x8b, 0xb8, 0x00, 0x85, 0x97, 0xbe, 0x00, 0x8c, 0x99,
	0xbc, 0x00, 0x92, 0x9e, 0xbf, 0x00, 0xa4, 0xb2, 0xd1, 0x00, 0x85, 0x93,
	0xad, 0x00, 0x6d, 0x7b, 0x96, 0x00, 0x81, 0x90, 0xb1, 0x00, 0x7c, 0x83,
	0x9a, 0x00, 0x80, 0x85, 0x96, 0x00, 0x81, 0x85, 0x93, 0x00, 0x85, 0x89,
	0x96, 0x00, 0x7a, 0x7b, 0x84, 0x00, 0x74, 0x74, 0x78, 0x00, 0xc0, 0xd3,
	0xe8, 0x00, 0xcd, 0xdd, 0xf1, 0x00, 0x99, 0xa2, 0xad, 0x00, 0x96, 0xa9,
	0xb4, 0x00, 0xa3, 0xbf, 0xce, 0x00, 0xa6, 0xbc, 0xcb, 0x00, 0xa9, 0xbc,
	0xcf, 0x00, 0xb7, 0xcc, 0xe8, 0x00, 0xbf, 0xd8, 0xf6, 0x00, 0xa9, 0xc7,
	0xe1, 0x00, 0xa1, 0xc2, 0xdf, 0x00, 0x6e, 0x87, 0xbc, 0x00, 0x54, 0x5d,
	0x77, 0x00, 0x58, 0x5f, 0x75, 0x00, 0x6c, 0x7c, 0xa1, 0x00, 0x55, 0x5b,
	0x6e, 0x00, 0x66, 0x6f, 0x84, 0x00, 0x46, 0x4b, 0x61, 0x00, 0x5f, 0x75,
	0xa7, 0x00, 0x6c, 0x82, 0xb1, 0x00, 0x5d, 0x72, 0xa3, 0x00, 0x64, 0x7e,
	0xb5, 0x00, 0x81, 0x99, 0xc9, 0x00, 0x66, 0x73, 0x8e, 0x00, 0x50, 0x5d,
	0x81, 0x00, 0x66, 0x78, 0xa3, 0x00, 0x5c, 0x6c, 0x93, 0x00, 0x6c, 0x87,
	0xbb, 0x00, 0x69, 0x83, 0xb7, 0x00, 0x60, 0x75, 0xa1, 0x00, 0x6b, 0x7c,
	0xa6, 0x00, 0x74, 0x86, 0xb0, 0x00, 0x74, 0x87, 0xb2, 0x00, 0x7f, 0x92,
	0xbb, 0x00, 0x87, 0x97, 0xbb, 0x00, 0x8f, 0x9d, 0xbd, 0x00, 0x91, 0x9e,
	0xbf, 0x00, 0xa9, 0xb8, 0xd9, 0x00, 0x6c, 0x74, 0x83, 0x00, 0x38, 0x34,
	0x38, 0x00, 0x5d, 0x5d, 0x65, 0x00, 0x99, 0xa4, 0xba, 0x00, 0xb5, 0xc4,
	0xdd, 0x00, 0x9e, 0xac, 0xc4, 0x00, 0xb0, 0xc1, 0xd9, 0x00, 0xc9, 0xdd,
	0xf5, 0x00, 0xce, 0xe0, 0xf7, 0x00, 0xc5, 0xd4, 0xe6, 0x00, 0x7e, 0x83,
	0x8e, 0x00, 0x8e, 0x9b, 0xad, 0x00, 0xb5, 0xc6, 0xdd, 0x00, 0xa2, 0xae,
	0xbd, 0x00, 0x98, 0xab, 0xb6, 0x00, 0x9b, 0xb3, 0xc1, 0x00, 0xa6, 0xbe,
	0xd4, 0x00, 0xa8, 0xc5, 0xee, 0x00, 0xa6, 0xc2, 0xe3, 0x00, 0x99, 0xbb,
	0xdb, 0x00, 0x93, 0xb6, 0xda, 0x00, 0x60, 0x73, 0x9d, 0x00, 0x58, 0x5f,
	0x73, 0x00, 0x73, 0x86, 0xae, 0x00, 0x85, 0x9a, 0xc2, 0x00, 0x66, 0x74,
	0x95, 0x00, 0x85, 0x9d, 0xcc, 0x00, 0x72, 0x7b, 0x94, 0x00, 0x56, 0x65,
	0x8c, 0x00, 0x66, 0x7c, 0xab, 0x00, 0x59, 0x6d, 0x9c, 0x00, 0x64, 0x7e,
	0xb8, 0x00, 0x85, 0x9e, 0xcd, 0x00, 0x5d, 0x68, 0x89, 0x00, 0x54, 0x64,
	0x90, 0x00, 0x61, 0x74, 0xa2, 0x00, 0x5a, 0x6d, 0x9c, 0x00, 0x57, 0x64,
	0x88, 0x00, 0x64, 0x69, 0x82, 0x00, 0x73, 0x7c, 0x98, 0x00, 0x77, 0x84,
	0xa5, 0x00, 0x70, 0x7f, 0xa3, 0x00, 0x68, 0x76, 0x98, 0x00, 0x69, 0x75,
	0x93, 0x00, 0x75, 0x84, 0xa7, 0x00, 0x84, 0x95, 0xba, 0x00, 0x8e, 0xa0,
	0xc5, 0x00, 0x92, 0xa2, 0xc1, 0x00, 0x36, 0x32, 0x35, 0x00, 0x49, 0x45,
	0x47, 0x00, 0xa4, 0xad, 0xbf, 0x00, 0x91, 0x9d, 0xb9, 0x00, 0x7c, 0x8d,
	0xb4, 0x00, 0x77, 0x8b, 0xb4, 0x00, 0x6b, 0x7d, 0xa4, 0x00, 0x6c, 0x7d,
	0xa1, 0x00, 0x8f, 0xa5, 0xcb, 0x00, 0xbc, 0xd6, 0xf8, 0x00, 0x9c, 0xa7,
	0xbb, 0x00, 0x3e, 0x37, 0x3e, 0x00, 0x4b, 0x4b, 0x58, 0x00, 0x6f, 0x78,
	0x8c, 0x00, 0x76, 0x82, 0x93, 0x00, 0x9b, 0xb5, 0xc9, 0x00, 0xa7, 0xc1,
	0xd1, 0x00, 0xae, 0xc6, 0xe1, 0x00, 0x9d, 0xbd, 0xe0, 0x00, 0xa4, 0xc2,
	0xe3, 0x00, 0x9a, 0xb8, 0xd9, 0x00, 0x53, 0x5a, 0x72, 0x00, 0x5e, 0x69,
	0x7f, 0x00, 0x65, 0x77, 0x9c, 0x00, 0x5d, 0x63, 0x75, 0x00, 0x6a, 0x76,
	0x8f, 0x00, 0x67, 0x7a, 0xa0, 0x00, 0x6e, 0x81, 0xaa, 0x00, 0x58, 0x66,
	0x8d, 0x00, 0x56, 0x65, 0x8b, 0x00, 0x53, 0x66, 0x93, 0x00, 0x6a, 0x87,
	0xc1, 0x00, 0x80, 0x99, 0xc9, 0x00, 0x48, 0x51, 0x75, 0x00, 0x4b, 0x57,
	0x7d, 0x00, 0x57, 0x60, 0x80, 0x00, 0x65, 0x6a, 0x81, 0x00, 0x72, 0x79,
	0x92, 0x00, 0x7c, 0x8a, 0xac, 0x00, 0x75, 0x87, 0xb1, 0x00, 0x6a, 0x7e,
	0xa9, 0x00, 0x65, 0x77, 0x9f, 0x00, 0x5a, 0x66, 0x89, 0x00, 0x59, 0x63,
	0x82, 0x00, 0x5d, 0x67, 0x86, 0x00, 0x72, 0x7f, 0xa2, 0x00, 0x8d, 0x9e,
	0xbe, 0x00, 0x88, 0x97, 0xb3, 0x00, 0x31, 0x2c, 0x2d, 0x00, 0x6f, 0x74,
	0x80, 0x00, 0xa2, 0xb2, 0xd1, 0x00, 0x76, 0x89, 0xb1, 0x00, 0x61, 0x6e,
	0x90, 0x00, 0x60, 0x6c, 0x88, 0x00, 0x80, 0x95, 0xbc, 0x00, 0x81, 0x97,
	0xc5, 0x00, 0x95, 0xaa, 0xd0, 0x00, 0xb2, 0xc5, 0xe3, 0x00, 0x6c, 0x74,
	0x89, 0x00, 0x4f, 0x4c, 0x5c, 0x00, 0x77, 0x7b, 0xa7, 0x00, 0x60, 0x5d,
	0x7c, 0x00, 0x51, 0x51, 0x60, 0x00, 0x90, 0xa3, 0xb3, 0x00, 0xa5, 0xbf,
	0xd2, 0x00, 0xa3, 0xbd, 0xd1, 0x00, 0x97, 0xb2, 0xcd, 0x00, 0xa2, 0xbc,
	0xdd, 0x00, 0xae, 0xc7, 0xeb, 0x00, 0x46, 0x47, 0x4f, 0x00, 0x65, 0x6f,
	0x87, 0x00, 0x5c, 0x69, 0x89, 0x00, 0x65, 0x71, 0x8d, 0x00, 0x55, 0x5c,
	0x71, 0x00, 0x7d, 0x91, 0xbb, 0x00, 0x6a, 0x78, 0x98, 0x00, 0x56, 0x63,
	0x88, 0x00, 0x4c, 0x55, 0x75, 0x00, 0x51, 0x60, 0x87, 0x00, 0x5b, 0x6c,
	0x91, 0x00, 0x5a, 0x64, 0x80, 0x00, 0x4c, 0x54, 0x74, 0x00, 0x5f, 0x65,
	0x7d, 0x00, 0x67, 0x67, 0x73, 0x00, 0x67, 0x69, 0x78, 0x00, 0x66, 0x71,
	0x8b, 0x00, 0x62, 0x6d, 0x87, 0x00, 0x5d, 0x67, 0x80, 0x00, 0x5e, 0x6a,
	0x87, 0x00, 0x65, 0x76, 0x9c, 0x00, 0x66, 0x77, 0xa0, 0x00, 0x73, 0x81,
	0xa6, 0x00, 0x74, 0x82, 0xa4, 0x00, 0x7c, 0x86, 0xa7, 0x00, 0x8c, 0x97,
	0xb7, 0x00, 0x99, 0xa8, 0xc7, 0x00, 0x86, 0x92, 0xa9, 0x00, 0x76, 0x83,
	0xa2, 0x00, 0x70, 0x81, 0xa5, 0x00, 0x67, 0x78, 0x9c, 0x00, 0x57, 0x61,
	0x7f, 0x00, 0x7f, 0x9a, 0xca, 0x00, 0x86, 0xa0, 0xcf, 0x00, 0x71, 0x83,
	0xad, 0x00, 0x90, 0x9d, 0xb6, 0x00, 0x96, 0xa3, 0xbc, 0x00, 0x46, 0x47,
	0x54, 0x00, 0x3f, 0x39, 0x3e, 0x00, 0x89, 0x8b, 0xba, 0x00, 0xa9, 0xab,
	0xcc, 0x00, 0x9c, 0x9c, 0xbf, 0x00, 0x77, 0x7f, 0x96, 0x00, 0x99, 0xb4,
	0xcd, 0x00, 0x94, 0xb1, 0xcd, 0x00, 0xa3, 0xc2, 0xd9, 0x00, 0xac, 0xc9,
	0xee, 0x00, 0xb1, 0xcb, 0xf0, 0x00, 0x4e, 0x4f, 0x58, 0x00, 0x76, 0x88,
	0xab, 0x00, 0x67, 0x75, 0x93, 0x00, 0x60, 0x6a, 0x82, 0x00, 0x65, 0x70,
	0x8b, 0x00, 0x50, 0x57, 0x6f, 0x00, 0x87, 0x9c, 0xc1, 0x00, 0x6d, 0x7e,
	0xa2, 0x00, 0x4a, 0x53, 0x72, 0x00, 0x55, 0x62, 0x86, 0x00, 0x56, 0x65,
	0x84, 0x00, 0x5d, 0x62, 0x72, 0x00, 0x69, 0x6d, 0x7b, 0x00, 0x82, 0x88,
	0x9e, 0x00, 0x8b, 0x97, 0xb4, 0x00, 0x88, 0x9a, 0xc0, 0x00, 0x75, 0x87,
	0xb3, 0x00, 0x66, 0x77, 0xa0, 0x00, 0x57, 0x63, 0x85, 0x00, 0x4f, 0x55,
	0x6c, 0x00, 0x50, 0x56, 0x6e, 0x00, 0x59, 0x64, 0x83, 0x00, 0x6f, 0x7e,
	0xa0, 0x00, 0x83, 0x96, 0xbe, 0x00, 0x8d, 0x9b, 0xbe, 0x00, 0x8a, 0x95,
	0xb6, 0x00, 0x93, 0xa2, 0xc2, 0x00, 0x96, 0xa7, 0xcc, 0x00, 0x82, 0x96,
	0xc0, 0x00, 0x77, 0x8f, 0xbf, 0x00, 0x6b, 0x7c, 0xa1, 0x00, 0x70, 0x83,
	0xad, 0x00, 0x73, 0x8b, 0xbb, 0x00, 0x66, 0x74, 0x98, 0x00, 0x88, 0x97,
	0xb6, 0x00, 0xc0, 0xd7, 0xf4, 0x00, 0x7a, 0x89, 0xa4, 0x00, 0x4a, 0x45,
	0x52, 0x00, 0x90, 0x8c, 0xb1, 0x00, 0xa1, 0xa2, 0xbb, 0x00, 0xae, 0xba,
	0xc8, 0x00, 0xaa, 0xb4, 0xc7, 0x00, 0x79, 0x82, 0x8d, 0x00, 0xa7, 0xc2,
	0xd6, 0x00, 0x98, 0xb5, 0xd0, 0x00, 0x99, 0xb6, 0xd6, 0x00, 0xa5, 0xbe,
	0xe2, 0x00, 0xa4, 0xbd, 0xe1, 0x00, 0x56, 0x5b, 0x6b, 0x00, 0x67, 0x76,
	0x96, 0x00, 0x86, 0x99, 0xbc, 0x00, 0x67, 0x72, 0x89, 0x00, 0x65, 0x72,
	0x8d, 0x00, 0x66, 0x74, 0x94, 0x00, 0x5e, 0x67, 0x7f, 0x00, 0x8a, 0xa4,
	0xd6, 0x00, 0x54, 0x60, 0x81, 0x00, 0x50, 0x5d, 0x80, 0x00, 0x5f, 0x6d,
	0x8f, 0x00, 0x87, 0x9a, 0xba, 0x00, 0x85, 0x9a, 0xbc, 0x00, 0x78, 0x8a,
	0xac, 0x00, 0x81, 0x92, 0xb9, 0x00, 0x76, 0x88, 0xae, 0x00, 0x69, 0x7a,
	0xa0, 0x00, 0x67, 0x7d, 0xaa, 0x00, 0x60, 0x75, 0xa4, 0x00, 0x5f, 0x72,
	0xa1, 0x00, 0x54, 0x60, 0x83, 0x00, 0x60, 0x6a, 0x8a, 0x00, 0x6c, 0x7a,
	0x9f, 0x00, 0x78, 0x85, 0xaa, 0x00, 0x89, 0x94, 0xb5, 0x00, 0x8b, 0x99,
	0xbc, 0x00, 0x8b, 0x9b, 0xc1, 0x00, 0x7f, 0x8e, 0xb5, 0x00, 0x6f, 0x84,
	0xaf, 0x00, 0x72, 0x88, 0xb6, 0x00, 0x69, 0x7b, 0xa2, 0x00, 0x79, 0x8f,
	0xbd, 0x00, 0x5d, 0x6a, 0x88, 0x00, 0x66, 0x75, 0x96, 0x00, 0xa2, 0xc1,
	0xf1, 0x00, 0x9e, 0xb5, 0xd8, 0x00, 0x6b, 0x77, 0x90, 0x00, 0x76, 0x81,
	0x98, 0x00, 0x99, 0xa7, 0xc2, 0x00, 0xa9, 0xbb, 0xd3, 0x00, 0xc2, 0xda,
	0xfa, 0x00, 0xa6, 0xb1, 0xc0, 0x00, 0x81, 0x8e, 0x97, 0x00, 0xa8, 0xc4,
	0xd7, 0x00, 0x98, 0xb6, 0xd3, 0x00, 0xa9, 0xc5, 0xe8, 0x00, 0xae, 0xcb,
	0xed, 0x00, 0xad, 0xc9, 0xec, 0x00, 0x53, 0x57, 0x65, 0x00, 0x68, 0x78,
	0x9a, 0x00, 0x75, 0x89, 0xb1, 0x00, 0x6b, 0x7b, 0x9a, 0x00, 0x4e, 0x53,
	0x67, 0x00, 0x71, 0x7d, 0x97, 0x00, 0x6a, 0x75, 0x8d, 0x00, 0x70, 0x81,
	0xa5, 0x00, 0x64, 0x7b, 0xae, 0x00, 0x53, 0x61, 0x84, 0x00, 0x68, 0x75,
	0x94, 0x00, 0x71, 0x7f, 0x9c, 0x00, 0x8b, 0xa2, 0xcb, 0x00, 0x6f, 0x80,
	0xa3, 0x00, 0x6f, 0x83, 0xad, 0x00, 0x74, 0x8e, 0xc0, 0x00, 0x5a, 0x6c,
	0x95, 0x00, 0x50, 0x59, 0x75, 0x00, 0x50, 0x59, 0x73, 0x00, 0x56, 0x61,
	0x7f, 0x00, 0x62, 0x71, 0x98, 0x00, 0x70, 0x7e, 0xa5, 0x00, 0x86, 0x94,
	0xb6, 0x00, 0x89, 0x94, 0xb3, 0x00, 0x8a, 0x94, 0xb0, 0x00, 0x87, 0x94,
	0xb6, 0x00, 0x7c, 0x8a, 0xae, 0x00, 0x69, 0x78, 0xa0, 0x00, 0x6a, 0x7e,
	0xab, 0x00, 0x72, 0x88, 0xb7, 0x00, 0x79, 0x90, 0xbe, 0x00, 0x73, 0x85,
	0xae, 0x00, 0x69, 0x77, 0x98, 0x00, 0x82, 0x9d, 0xcd, 0x00, 0x6d, 0x81,
	0xa9, 0x00, 0x5f, 0x6a, 0x85, 0x00, 0x8d, 0xa4, 0xd1, 0x00, 0xa8, 0xc0,
	0xe5, 0x00, 0xb0, 0xc9, 0xeb, 0x00, 0xad, 0xc5, 0xe8, 0x00, 0xc0, 0xd6,
	0xf2, 0x00, 0x9b, 0xa4, 0xb4, 0x00, 0x9d, 0xb4, 0xc7, 0x00, 0xac, 0xcb,
	0xe0, 0x00, 0xa6, 0xc6, 0xde, 0x00, 0xa1, 0xc0, 0xde, 0x00, 0xa8, 0xc7,
	0xe4, 0x00, 0xa8, 0xc8, 0xe5, 0x00, 0x68, 0x73, 0x8c, 0x00, 0x6c, 0x81,
	0xa9, 0x00, 0x66, 0x79, 0xa3, 0x00, 0x4f, 0x55, 0x69, 0x00, 0x58, 0x67,
	0x8b, 0x00, 0x62, 0x6d, 0x87, 0x00, 0x80, 0x90, 0xb0, 0x00, 0x54, 0x5f,
	0x7a, 0x00, 0x57, 0x6a, 0x99, 0x00, 0x5f, 0x70, 0x9a, 0x00, 0x62, 0x71,
	0x92, 0x00, 0x85, 0x9c, 0xc4, 0x00, 0x79, 0x90, 0xbc, 0x00, 0x7c, 0x92,
	0xbe, 0x00, 0x59, 0x64, 0x82, 0x00, 0x56, 0x62, 0x80, 0x00, 0x5b, 0x6d,
	0x98, 0x00, 0x56, 0x68, 0x93, 0x00, 0x4e, 0x58, 0x79, 0x00, 0x4e, 0x57,
	0x74, 0x00, 0x62, 0x71, 0x93, 0x00, 0x83, 0x92, 0xb7, 0x00, 0x89, 0x98,
	0xc3, 0x00, 0x8e, 0xa0, 0xca, 0x00, 0x8a, 0x98, 0xbe, 0x00, 0x7e, 0x8d,
	0xb5, 0x00, 0x78, 0x89, 0xb5, 0x00, 0x55, 0x63, 0x8d, 0x00, 0x56, 0x65,
	0x8e, 0x00, 0x74, 0x86, 0xb2, 0x00, 0x7c, 0x91, 0xbc, 0x00, 0x73, 0x86,
	0xaf, 0x00, 0x74, 0x89, 0xb7, 0x00, 0x65, 0x79, 0xa3, 0x00, 0x6c, 0x82,
	0xb0, 0x00, 0x6e, 0x84, 0xb0, 0x00, 0x92, 0xaa, 0xd6, 0x00, 0xa8, 0xc1,
	0xe4, 0x00, 0xb0, 0xc9, 0xe9, 0x00, 0xb6, 0xd0, 0xf1, 0x00, 0xa6, 0xb6,
	0xcd, 0x00, 0x9a, 0xad, 0xc2, 0x00, 0xb6, 0xd6, 0xee, 0x00, 0xa7, 0xc6,
	0xe0, 0x00, 0xa8, 0xc8, 0xe5, 0x00, 0xa7, 0xc7, 0xe7, 0x00, 0xaa, 0xca,
	0xe8, 0x00, 0xa8, 0xc7, 0xe6, 0x00, 0x57, 0x61, 0x77, 0x00, 0x70, 0x85,
	0xad, 0x00, 0x66, 0x7c, 0xab, 0x00, 0x59, 0x61, 0x78, 0x00, 0x52, 0x5e,
	0x7c, 0x00, 0x5d, 0x6e, 0x97, 0x00, 0x68, 0x7b, 0xa2, 0x00, 0x5a, 0x6e,
	0x9e, 0x00, 0x50, 0x5b, 0x7f, 0x00, 0x5c, 0x6c, 0x94, 0x00, 0x5e, 0x6b,
	0x89, 0x00, 0x7a, 0x8b, 0xab, 0x00, 0x83, 0x9d, 0xcb, 0x00, 0x75, 0x8d,
	0xbc, 0x00, 0x60, 0x74, 0xa2, 0x00, 0x4c, 0x55, 0x71, 0x00, 0x43, 0x44,
	0x53, 0x00, 0x4a, 0x54, 0x72, 0x00, 0x56, 0x6b, 0x9c, 0x00, 0x69, 0x7a,
	0xa7, 0x00, 0x6e, 0x7b, 0xa0, 0x00, 0x80, 0x90, 0xb9, 0x00, 0x81, 0x92,
	0xba, 0x00, 0x73, 0x81, 0xa7, 0x00, 0x5f, 0x6b, 0x8f, 0x00, 0x4f, 0x57,
	0x76, 0x00, 0x53, 0x60, 0x85, 0x00, 0x64, 0x73, 0x9d, 0x00, 0x70, 0x82,
	0xaf, 0x00, 0x85, 0x95, 0xbb, 0x00, 0x88, 0x98, 0xc0, 0x00, 0x78, 0x8e,
	0xc0, 0x00, 0x61, 0x70, 0x98, 0x00, 0x67, 0x7b, 0xa9, 0x00, 0x74, 0x90,
	0xc6, 0x00, 0x84, 0x9d, 0xce, 0x00, 0x94, 0xab, 0xd7, 0x00, 0xa5, 0xbf,
	0xe4, 0x00, 0xae, 0xc9, 0xed, 0x00, 0xb0, 0xc4, 0xdf, 0x00, 0x79, 0x85,
	0x98, 0x00, 0xa5, 0xc5, 0xde, 0x00, 0xab, 0xca, 0xe3, 0x00, 0xa6, 0xc5,
	0xe2, 0x00, 0xb3, 0xcf, 0xee, 0x00, 0xac, 0xcb, 0xea, 0x00, 0xae, 0xce,
	0xea, 0x00, 0xab, 0xc9, 0xe9, 0x00, 0x5f, 0x69, 0x82, 0x00, 0x50, 0x5a,
	0x72, 0x00, 0x60, 0x73, 0x9e, 0x00, 0x73, 0x8d, 0xbf, 0x00, 0x6f, 0x7a,
	0x90, 0x00, 0x53, 0x62, 0x86, 0x00, 0x51, 0x5e, 0x83, 0x00, 0x5d, 0x77,
	0xb0, 0x00, 0x56, 0x69, 0x99, 0x00, 0x4b, 0x55, 0x73, 0x00, 0x53, 0x5f,
	0x7b, 0x00, 0x71, 0x80, 0x9c, 0x00, 0x82, 0x99, 0xc1, 0x00, 0x76, 0x90,
	0xbf, 0x00, 0x62, 0x77, 0xa5, 0x00, 0x50, 0x5e, 0x81, 0x00, 0x4b, 0x54,
	0x72, 0x00, 0x49, 0x51, 0x6a, 0x00, 0x50, 0x5d, 0x7c, 0x00, 0x64, 0x73,
	0x9a, 0x00, 0x76, 0x89, 0xb7, 0x00, 0x7c, 0x8c, 0xb8, 0x00, 0x71, 0x80,
	0xa9, 0x00, 0x62, 0x6f, 0x96, 0x00, 0x4f, 0x5a, 0x7d, 0x00, 0x53, 0x62,
	0x8b, 0x00, 0x66, 0x76, 0xa1, 0x00, 0x7a, 0x8a, 0xb3, 0x00, 0x88, 0x98,
	0xc0, 0x00, 0x8d, 0xa2, 0xce, 0x00, 0x83, 0x98, 0xc8, 0x00, 0x72, 0x80,
	0xa9, 0x00, 0x63, 0x74, 0x9f, 0x00, 0x60, 0x76, 0xa8, 0x00, 0x79, 0x93,
	0xc5, 0x00, 0x85, 0x9d, 0xcb, 0x00, 0x97, 0xaf, 0xd9, 0x00, 0xa6, 0xc1,
	0xe7, 0x00, 0xa9, 0xc1, 0xe3, 0x00, 0x78, 0x82, 0x94, 0x00, 0x97, 0xb3,
	0xcc, 0x00, 0xb4, 0xd4, 0xea, 0x00, 0xad, 0xc9, 0xe5, 0x00, 0x9e, 0xbf,
	0xe1, 0x00, 0xae, 0xcb, 0xeb, 0x00, 0xb5, 0xd1, 0xf2, 0x00, 0xbe, 0xd7,
	0xf3, 0x00, 0xc2, 0xda, 0xf1, 0x00, 0x76, 0x89, 0xad, 0x00, 0x73, 0x86,
	0xab, 0x00, 0x4d, 0x54, 0x6c, 0x00, 0x5f, 0x73, 0xa1, 0x00, 0x7d, 0x98,
	0xc7, 0x00, 0x6b, 0x7d, 0xa1, 0x00, 0x50, 0x5d, 0x7d, 0x00, 0x4e, 0x5a,
	0x80, 0x00, 0x5d, 0x76, 0xaf, 0x00, 0x56, 0x65, 0x8f, 0x00, 0x69, 0x77,
	0x98, 0x00, 0x83, 0x95, 0xb7, 0x00, 0x6d, 0x7d, 0x9f, 0x00, 0x6b, 0x81,
	0xac, 0x00, 0x5d, 0x6f, 0x98, 0x00, 0x4a, 0x54, 0x71, 0x00, 0x48, 0x4f,
	0x69, 0x00, 0x51, 0x60, 0x85, 0x00, 0x61, 0x72, 0x9d, 0x00, 0x6a, 0x7b,
	0xa6, 0x00, 0x66, 0x79, 0xa5, 0x00, 0x56, 0x61, 0x81, 0x00, 0x4e, 0x53,
	0x6c, 0x00, 0x4c, 0x52, 0x6c, 0x00, 0x5f, 0x70, 0x9b, 0x00, 0x5d, 0x71,
	0x9e, 0x00, 0x62, 0x6f, 0x95, 0x00, 0x77, 0x89, 0xb7, 0x00, 0x6e, 0x83,
	0xb2, 0x00, 0x61, 0x70, 0x98, 0x00, 0x80, 0x8b, 0xb0, 0x00, 0x8c, 0x98,
	0xb9, 0x00, 0x52, 0x5d, 0x7f, 0x00, 0x63, 0x79, 0xa9, 0x00, 0x71, 0x8b,
	0xbe, 0x00, 0x82, 0x9c, 0xcc, 0x00, 0x8e, 0xa9, 0xd5, 0x00, 0xa5, 0xc0,
	0xe9, 0x00, 0x88, 0x93, 0xa8, 0x00, 0x86, 0x9c, 0xb2, 0x00, 0xaf, 0xd2,
	0xee, 0x00, 0xab, 0xc8, 0xe1, 0x00, 0xa6, 0xc3, 0xe3, 0x00, 0x97, 0xba,
	0xdb, 0x00, 0xa3, 0xc3, 0xe4, 0x00, 0xad, 0xc8, 0xee, 0x00, 0xc5, 0xd9,
	0xf2, 0x00, 0xc4, 0xdd, 0xeb, 0x00, 0x44, 0x4c, 0x5f, 0x00, 0x6a, 0x7b,
	0x9a, 0x00, 0x84, 0x9d, 0xcb, 0x00, 0x68, 0x7b, 0xa7, 0x00, 0x65, 0x7b,
	0xac, 0x00, 0x61, 0x79, 0xac, 0x00, 0x5c, 0x76, 0xaf, 0x00, 0x52, 0x61,
	0x87, 0x00, 0x4e, 0x5a, 0x81, 0x00, 0x5c, 0x6f, 0x9c, 0x00, 0x54, 0x5e,
	0x7c, 0x00, 0x71, 0x7f, 0x9b, 0x00, 0x81, 0x94, 0xb9, 0x00, 0x57, 0x65,
	0x86, 0x00, 0x53, 0x5f, 0x7e, 0x00, 0x49, 0x4f, 0x6a, 0x00, 0x43, 0x46,
	0x5e, 0x00, 0x49, 0x51, 0x6e, 0x00, 0x54, 0x66, 0x93, 0x00, 0x5e, 0x77,
	0xaf, 0x00, 0x62, 0x7a, 0xae, 0x00, 0x51, 0x5d, 0x82, 0x00, 0x4a, 0x4e,
	0x69, 0x00, 0x5d, 0x6d, 0x94, 0x00, 0x6a, 0x81, 0xaf, 0x00, 0x70, 0x81,
	0xad, 0x00, 0x68, 0x79, 0xa3, 0x00, 0x59, 0x69, 0x93, 0x00, 0x63, 0x72,
	0x9a, 0x00, 0x96, 0xa4, 0xc5, 0x00, 0xa5, 0xb4, 0xcf, 0x00, 0x58, 0x5d,
	0x69, 0x00, 0x48, 0x4b, 0x59, 0x00, 0x60, 0x78, 0xac, 0x00, 0x6f, 0x89,
	0xbe, 0x00, 0x83, 0x9b, 0xcb, 0x00, 0x90, 0xa8, 0xd4, 0x00, 0x9f, 0xb5,
	0xdb, 0x00, 0x60, 0x63, 0x73, 0x00, 0x88, 0xa1, 0xbd, 0x00, 0x9e, 0xc2,
	0xe2, 0x00, 0x93, 0xb5, 0xd7, 0x00, 0x90, 0xb1, 0xdc, 0x00, 0x94, 0xb3,
	0xdc, 0x00, 0x97, 0xba, 0xdc, 0x00, 0x9f, 0xbe, 0xe5, 0x00, 0xc1, 0xd6,
	0xf1, 0x00, 0xd3, 0xe4, 0xef, 0x00, 0x4f, 0x5f, 0x73, 0x00, 0x45, 0x53,
	0x6f, 0x00, 0x63, 0x74, 0x98, 0x00, 0x7d, 0x94, 0xc1, 0x00, 0x78, 0x91,
	0xc4, 0x00, 0x65, 0x7d, 0xb1, 0x00, 0x56, 0x69, 0x96, 0x00, 0x59, 0x72,
	0xa9, 0x00, 0x5f, 0x7a, 0xb4, 0x00, 0x54, 0x60, 0x87, 0x00, 0x4e, 0x53,
	0x67, 0x00, 0x56, 0x5b, 0x6b, 0x00, 0x6a, 0x77, 0x94, 0x00, 0x73, 0x89,
	0xb5, 0x00, 0x59, 0x68, 0x8c, 0x00, 0x45, 0x4a, 0x60, 0x00, 0x41, 0x41,
	0x4f, 0x00, 0x48, 0x4d, 0x62, 0x00, 0x4d, 0x58, 0x7a, 0x00, 0x55, 0x6a,
	0x9a, 0x00, 0x54, 0x66, 0x94, 0x00, 0x4a, 0x51, 0x6f, 0x00, 0x53, 0x63,
	0x8c, 0x00, 0x5b, 0x6e, 0x99, 0x00, 0x60, 0x6c, 0x8c, 0x00, 0x6e, 0x84,
	0xb6, 0x00, 0x56, 0x61, 0x85, 0x00, 0x66, 0x6f, 0x8a, 0x00, 0xab, 0xc4,
	0xe9, 0x00, 0x96, 0xa7, 0xc0, 0x00, 0x66, 0x65, 0x6a, 0x00, 0x47, 0x45,
	0x50, 0x00, 0x65, 0x77, 0xa2, 0x00, 0x5c, 0x74, 0xa4, 0x00, 0x6e, 0x87,
	0xb9, 0x00, 0x84, 0x9d, 0xce, 0x00, 0x92, 0xaa, 0xd6, 0x00, 0x92, 0xa8,
	0xcf, 0x00, 0x69, 0x72, 0x8e, 0x00, 0x6e, 0x7d, 0x95, 0x00, 0x90, 0xb3,
	0xd6, 0x00, 0x96, 0xb8, 0xda, 0x00, 0xa0, 0xbd, 0xea, 0x00, 0x9a, 0xb7,
	0xe5, 0x00, 0x92, 0xb4, 0xd8, 0x00, 0xa0, 0xc1, 0xe3, 0x00, 0xc3, 0xd7,
	0xf3, 0x00, 0xd4, 0xe6, 0xf3, 0x00, 0x4d, 0x58, 0x67, 0x00, 0x49, 0x57,
	0x6c, 0x00, 0x47, 0x57, 0x7a, 0x00, 0x59, 0x6c, 0x93, 0x00, 0x5e, 0x6b,
	0x88, 0x00, 0x5e, 0x70, 0x97, 0x00, 0x64, 0x7d, 0xb1, 0x00, 0x5e, 0x74,
	0xa5, 0x00, 0x5a, 0x72, 0xa6, 0x00, 0x60, 0x7a, 0xb0, 0x00, 0x51, 0x5b,
	0x76, 0x00, 0x78, 0x84, 0x9c, 0x00, 0x8f, 0xa4, 0xca, 0x00, 0x61, 0x71,
	0x94, 0x00, 0x5c, 0x6f, 0x9a, 0x00, 0x55, 0x67, 0x93, 0x00, 0x4e, 0x59,
	0x7b, 0x00, 0x4c, 0x53, 0x6f, 0x00, 0x51, 0x60, 0x84, 0x00, 0x50, 0x5d,
	0x80, 0x00, 0x48, 0x4b, 0x60, 0x00, 0x4c, 0x53, 0x6f, 0x00, 0x57, 0x69,
	0x96, 0x00, 0x62, 0x76, 0xa6, 0x00, 0x5b, 0x6b, 0x97, 0x00, 0x51, 0x5f,
	0x84, 0x00, 0x61, 0x6d, 0x89, 0x00, 0xa7, 0xc1, 0xeb, 0x00, 0x85, 0x94,
	0xae, 0x00, 0x7e, 0x7b, 0x80, 0x00, 0x98, 0x9b, 0xa2, 0x00, 0x7e, 0x83,
	0x92, 0x00, 0x51, 0x5d, 0x81, 0x00, 0x61, 0x75, 0xa1, 0x00, 0x77, 0x91,
	0xc4, 0x00, 0x94, 0xae, 0xda, 0x00, 0x98, 0xb3, 0xde, 0x00, 0x9d, 0xb5,
	0xda, 0x00, 0x81, 0x95, 0xbc, 0x00, 0x92, 0xa1, 0xbc, 0x00, 0x84, 0x9d,
	0xb8, 0x00, 0x98, 0xbd, 0xdb, 0x00, 0x99, 0xba, 0xe0, 0x00, 0x9b, 0xbb,
	0xe4, 0x00, 0x9a, 0xba, 0xdf, 0x00, 0x9e, 0xbe, 0xe7, 0x00, 0xa1, 0xbf,
	0xeb, 0x00, 0xae, 0xcc, 0xe6, 0x00, 0x4a, 0x54, 0x66, 0x00, 0x5c, 0x69,
	0x7e, 0x00, 0x4d, 0x53, 0x64, 0x00, 0x4c, 0x60, 0x82, 0x00, 0x63, 0x79,
	0xa8, 0x00, 0x5e, 0x6a, 0x86, 0x00, 0x57, 0x64, 0x7f, 0x00, 0x53, 0x63,
	0x8a, 0x00, 0x55, 0x67, 0x94, 0x00, 0x51, 0x5f, 0x83, 0x00, 0x4c, 0x53,
	0x68, 0x00, 0x50, 0x53, 0x5f, 0x00, 0x80, 0x90, 0xae, 0x00, 0x79, 0x8a,
	0xac, 0x00, 0x4f, 0x54, 0x6a, 0x00, 0x47, 0x4b, 0x62, 0x00, 0x4f, 0x57,
	0x71, 0x00, 0x51, 0x5b, 0x78, 0x00, 0x51, 0x5e, 0x7e, 0x00, 0x52, 0x5e,
	0x7f, 0x00, 0x4b, 0x51, 0x68, 0x00, 0x49, 0x50, 0x6c, 0x00, 0x50, 0x60,
	0x8a, 0x00, 0x53, 0x69, 0x9a, 0x00, 0x47, 0x52, 0x75, 0x00, 0x44, 0x45,
	0x57, 0x00, 0x8a, 0x9c, 0xbd, 0x00, 0x93, 0xa6, 0xc7, 0x00, 0xa6, 0xa3,
	0xa5, 0x00, 0xa5, 0xae, 0xb8, 0x00, 0x59, 0x5b, 0x5f, 0x00, 0x68, 0x67,
	0x6e, 0x00, 0x65, 0x6f, 0x89, 0x00, 0x6b, 0x80, 0xad, 0x00, 0x7d, 0x9a,
	0xcc, 0x00, 0x9b, 0xb6, 0xdf, 0x00, 0xa9, 0xc3, 0xe6, 0x00, 0xaf, 0xc8,
	0xea, 0x00, 0x83, 0x98, 0xbe, 0x00, 0xaa, 0xb9, 0xd3, 0x00, 0x87, 0x98,
	0xac, 0x00, 0x8e, 0xb5, 0xd5, 0x00, 0x8d, 0xb2, 0xd4, 0x00, 0x98, 0xb9,
	0xe0, 0x00, 0xb6, 0xcf, 0xee, 0x00, 0xb3, 0xcc, 0xef, 0x00, 0x93, 0xb3,
	0xe6, 0x00, 0x99, 0xb8, 0xe4, 0x00, 0x56, 0x61, 0x6b, 0x00, 0x51, 0x53,
	0x5d, 0x00, 0x7c, 0x8c, 0xa9, 0x00, 0x4f, 0x54, 0x64, 0x00, 0x51, 0x61,
	0x85, 0x00, 0x6d, 0x8b, 0xc6, 0x00, 0x6d, 0x86, 0xb8, 0x00, 0x61, 0x70,
	0x93, 0x00, 0x51, 0x5d, 0x7d, 0x00, 0x50, 0x5b, 0x7a, 0x00, 0x46, 0x47,
	0x53, 0x00, 0x4f, 0x52, 0x5e, 0x00, 0x5e, 0x67, 0x7f, 0x00, 0x6c, 0x7c,
	0x9e, 0x00, 0x64, 0x71, 0x92, 0x00, 0x51, 0x5b, 0x78, 0x00, 0x4a, 0x4e,
	0x64, 0x00, 0x45, 0x46, 0x55, 0x00, 0x47, 0x4b, 0x5f, 0x00, 0x4c, 0x54,
	0x6e, 0x00, 0x51, 0x5b, 0x79, 0x00, 0x5b, 0x67, 0x87, 0x00, 0x54, 0x60,
	0x81, 0x00, 0x4e, 0x5a, 0x7c, 0x00, 0x4c, 0x57, 0x76, 0x00, 0x59, 0x63,
	0x7d, 0x00, 0x89, 0x9d, 0xc1, 0x00, 0x5f, 0x63, 0x6f, 0x00, 0x9d, 0xa0,
	0xa7, 0x00, 0x6c, 0x77, 0x84, 0x00, 0x5c, 0x65, 0x77, 0x00, 0x6f, 0x7e,
	0x9b, 0x00, 0x7e, 0x8d, 0xaa, 0x00, 0x75, 0x89, 0xb0, 0x00, 0x7e, 0x9a,
	0xcf, 0x00, 0xa5, 0xbf, 0xe4, 0x00, 0xb9, 0xd1, 0xee, 0x00, 0xb9, 0xd1,
	0xef, 0x00, 0x83, 0x96, 0xb9, 0x00, 0x8e, 0x9a, 0xb3, 0x00, 0x76, 0x8b,
	0xa2, 0x00, 0x96, 0xbc, 0xe1, 0x00, 0x9f, 0xc0, 0xde, 0x00, 0x9b, 0xbc,
	0xe3, 0x00, 0xb7, 0xd0, 0xf0, 0x00, 0xbe, 0xd6, 0xf2, 0x00, 0x9c, 0xba,
	0xe9, 0x00, 0xa8, 0xc2, 0xec, 0x00, 0x87, 0xad, 0xcb, 0x00, 0x4f, 0x59,
	0x62, 0x00, 0x5e, 0x67, 0x7d, 0x00, 0x87, 0xa1, 0xce, 0x00, 0x6a, 0x77,
	0x90, 0x00, 0x64, 0x75, 0x9a, 0x00, 0x70, 0x8e, 0xc9, 0x00, 0x69, 0x88,
	0xc5, 0x00, 0x5d, 0x77, 0xb0, 0x00, 0x54, 0x6b, 0xa0, 0x00, 0x54, 0x66,
	0x93, 0x00, 0x4f, 0x58, 0x72, 0x00, 0x79, 0x8d, 0xb1, 0x00, 0x7e, 0x8f,
	0xb4, 0x00, 0x57, 0x61, 0x7f, 0x00, 0x59, 0x6a, 0x92, 0x00, 0x55, 0x63,
	0x87, 0x00, 0x42, 0x43, 0x54, 0x00, 0x42, 0x45, 0x59, 0x00, 0x45, 0x4c,
	0x67, 0x00, 0x53, 0x63, 0x8c, 0x00, 0x6e, 0x82, 0xb0, 0x00, 0x70, 0x7e,
	0xa4, 0x00, 0x51, 0x59, 0x73, 0x00, 0x43, 0x4a, 0x66, 0x00, 0x50, 0x5e,
	0x81, 0x00, 0x55, 0x65, 0x8c, 0x00, 0x54, 0x60, 0x82, 0x00, 0x5a, 0x68,
	0x8a, 0x00, 0x6a, 0x7a, 0x9e, 0x00, 0x6e, 0x83, 0xa9, 0x00, 0x6d, 0x81,
	0xa5, 0x00, 0x8f, 0x9f, 0xbe, 0x00, 0x97, 0xac, 0xd0, 0x00, 0x72, 0x8a,
	0xb7, 0x00, 0xa6, 0xc3, 0xec, 0x00, 0xaf, 0xc9, 0xea, 0x00, 0xab, 0xc4,
	0xe6, 0x00, 0x6f, 0x7e, 0x9f, 0x00, 0x65, 0x70, 0x85, 0x00, 0x80, 0xa3,
	0xc7, 0x00, 0x92, 0xb7, 0xda, 0x00, 0x97, 0xbb, 0xd8, 0x00, 0x95, 0xb9,
	0xdb, 0x00, 0x9f, 0xbf, 0xe6, 0x00, 0xad, 0xc9, 0xef, 0x00, 0xa9, 0xc5,
	0xee, 0x00, 0xb0, 0xcb, 0xef, 0x00, 0x8f, 0xb5, 0xd3, 0x00, 0x81, 0xaa,
	0xcb, 0x00, 0x50, 0x5e, 0x6d, 0x00, 0x56, 0x62, 0x80, 0x00, 0x7f, 0xa1,
	0xdc, 0x00, 0x7c, 0x99, 0xd0, 0x00, 0x76, 0x93, 0xca, 0x00, 0x65, 0x81,
	0xb8, 0x00, 0x54, 0x67, 0x92, 0x00, 0x4e, 0x5c, 0x83, 0x00, 0x4d, 0x5d,
	0x88, 0x00, 0x4c, 0x5b, 0x82, 0x00, 0x6c, 0x7f, 0xa3, 0x00, 0x8e, 0xa7,
	0xd3, 0x00, 0x7b, 0x8a, 0xaf, 0x00, 0x55, 0x62, 0x84, 0x00, 0x58, 0x68,
	0x8d, 0x00, 0x46, 0x48, 0x56, 0x00, 0x49, 0x50, 0x6a, 0x00, 0x52, 0x61,
	0x8a, 0x00, 0x52, 0x68, 0x9b, 0x00, 0x65, 0x7b, 0xb0, 0x00, 0x80, 0x8e,
	0xb8, 0x00, 0x82, 0x90, 0xb5, 0x00, 0x64, 0x71, 0x97, 0x00, 0x5f, 0x70,
	0x9a, 0x00, 0x63, 0x7a, 0xa9, 0x00, 0x5c, 0x6d, 0x97, 0x00, 0x5c, 0x6a,
	0x8c, 0x00, 0x56, 0x5e, 0x76, 0x00, 0x68, 0x75, 0x96, 0x00, 0x7d, 0x8a,
	0xae, 0x00, 0xa1, 0xb4, 0xdb, 0x00, 0x95, 0xa8, 0xca, 0x00, 0x6c, 0x80,
	0xa9, 0x00, 0x90, 0xab, 0xd8, 0x00, 0x9a, 0xb1, 0xd6, 0x00, 0x87, 0x9b,
	0xbf, 0x00, 0x63, 0x6e, 0x84, 0x00, 0x77, 0x98, 0xbc, 0x00, 0x87, 0xaf,
	0xd4, 0x00, 0x8d, 0xb2, 0xd1, 0x00, 0x93, 0xb8, 0xd4, 0x00, 0x99, 0xbd,
	0xd8, 0x00, 0x8c, 0xb2, 0xda, 0x00, 0x8b, 0xaf, 0xe1, 0x00, 0xa2, 0xc1,
	0xec, 0x00, 0xaf, 0xcb, 0xf0, 0x00, 0x9d, 0xbf, 0xda, 0x00, 0x99, 0xbc,
	0xda, 0x00, 0x81, 0xab, 0xcd, 0x00, 0x53, 0x5e, 0x6c, 0x00, 0x47, 0x4a,
	0x5b, 0x00, 0x66, 0x7e, 0xad, 0x00, 0x6b, 0x81, 0xb0, 0x00, 0x64, 0x7c,
	0xae, 0x00, 0x5a, 0x6c, 0x96, 0x00, 0x4d, 0x56, 0x70, 0x00, 0x4b, 0x53,
	0x6b, 0x00, 0x47, 0x4f, 0x69, 0x00, 0x4b, 0x53, 0x6b, 0x00, 0x69, 0x78,
	0x95, 0x00, 0x7c, 0x8d, 0xb3, 0x00, 0x67, 0x74, 0x98, 0x00, 0x58, 0x68,
	0x90, 0x00, 0x5a, 0x6a, 0x8e, 0x00, 0x4a, 0x4f, 0x64, 0x00, 0x49, 0x51,
	0x70, 0x00, 0x4b, 0x5b, 0x89, 0x00, 0x56, 0x6c, 0xa2, 0x00, 0x6d, 0x7c,
	0xa9, 0x00, 0x80, 0x8f, 0xba, 0x00, 0x7b, 0x8d, 0xb7, 0x00, 0x5b, 0x69,
	0x8a, 0x00, 0x53, 0x5f, 0x83, 0x00, 0x62, 0x77, 0xa6, 0x00, 0x62, 0x76,
	0xa3, 0x00, 0x5c, 0x6e, 0x94, 0x00, 0x74, 0x89, 0xb8, 0x00, 0x6b, 0x7a,
	0x9f, 0x00, 0x83, 0x95, 0xba, 0x00, 0x66, 0x76, 0x9b, 0x00, 0x7a, 0x92,
	0xbf, 0x00, 0x80, 0x94, 0xb9, 0x00, 0x79, 0x8a, 0xae, 0x00, 0x78, 0x84,
	0x9e, 0x00, 0x74, 0x8e, 0xae, 0x00, 0x93, 0xba, 0xdd, 0x00, 0x91, 0xb5,
	0xd0, 0x00, 0x91, 0xb7, 0xd4, 0x00, 0x95, 0xbb, 0xd4, 0x00, 0x9c, 0xbf,
	0xda, 0x00, 0x93, 0xb8, 0xd8, 0x00, 0x86, 0xae, 0xd6, 0x00, 0x8b, 0xb0,
	0xdf, 0x00, 0x9f, 0xbe, 0xec, 0x00, 0x99, 0xbe, 0xd6, 0x00, 0x9e, 0xc0,
	0xdc, 0x00, 0x88, 0xaf, 0xce, 0x00, 0x7f, 0xa9, 0xca, 0x00, 0x58, 0x66,
	0x72, 0x00, 0x4a, 0x51, 0x65, 0x00, 0x64, 0x78, 0xa3, 0x00, 0x5d, 0x71,
	0x9d, 0x00, 0x5c, 0x73, 0xa6, 0x00, 0x5d, 0x76, 0xac, 0x00, 0x5b, 0x75,
	0xac, 0x00, 0x4f, 0x60, 0x86, 0x00, 0x48, 0x4f, 0x66, 0x00, 0x67, 0x76,
	0x94, 0x00, 0x76, 0x88, 0xad, 0x00, 0x52, 0x5d, 0x7d, 0x00, 0x57, 0x65,
	0x8c, 0x00, 0x5a, 0x6f, 0xa0, 0x00, 0x59, 0x69, 0x8f, 0x00, 0x46, 0x4b,
	0x61, 0x00, 0x43, 0x48, 0x5f, 0x00, 0x49, 0x54, 0x76, 0x00, 0x51, 0x63,
	0x8f, 0x00, 0x65, 0x76, 0xa2, 0x00, 0x6c, 0x7e, 0xa6, 0x00, 0x5c, 0x6b,
	0x8e, 0x00, 0x4d, 0x53, 0x6d, 0x00, 0x4d, 0x59, 0x7c, 0x00, 0x63, 0x76,
	0xa3, 0x00, 0x61, 0x73, 0x9f, 0x00, 0x44, 0x4c, 0x67, 0x00, 0x48, 0x4d,
	0x62, 0x00, 0x55, 0x5d, 0x77, 0x00, 0x57, 0x65, 0x8c, 0x00, 0x9c, 0xb9,
	0xe6, 0x00, 0x81, 0x93, 0xb5, 0x00, 0x7a, 0x84, 0x9d, 0x00, 0x6d, 0x7e,
	0x94, 0x00, 0x87, 0xae, 0xd1, 0x00, 0x95, 0xb9, 0xd2, 0x00, 0x99, 0xbc,
	0xd7, 0x00, 0x95, 0xba, 0xd6, 0x00, 0x9c, 0xc0, 0xda, 0x00, 0x9b, 0xbe,
	0xde, 0x00, 0x8d, 0xb4, 0xd6, 0x00, 0x90, 0xb6, 0xd8, 0x00, 0x90, 0xb5,
	0xdc, 0x00, 0x8e, 0xb4, 0xe4, 0x00, 0x92, 0xb7, 0xce, 0x00, 0x9b, 0xbf,
	0xd7, 0x00, 0x86, 0xac, 0xc7, 0x00, 0x81, 0xaa, 0xca, 0x00, 0x81, 0xac,
	0xce, 0x00, 0x55, 0x66, 0x77, 0x00, 0x4e, 0x56, 0x6f, 0x00, 0x63, 0x77,
	0xa4, 0x00, 0x5a, 0x6b, 0x98, 0x00, 0x53, 0x65, 0x93, 0x00, 0x54, 0x69,
	0x9a, 0x00, 0x54, 0x68, 0x97, 0x00, 0x4e, 0x5a, 0x7a, 0x00, 0x4a, 0x52,
	0x6b, 0x00, 0x6f, 0x75, 0x8c, 0x00, 0x6f, 0x78, 0x99, 0x00, 0x61, 0x73,
	0xa2, 0x00, 0x5f, 0x75, 0xa3, 0x00, 0x60, 0x77, 0xaa, 0x00, 0x53, 0x60,
	0x82, 0x00, 0x49, 0x51, 0x6a, 0x00, 0x53, 0x63, 0x8c, 0x00, 0x52, 0x67,
	0x99, 0x00, 0x5e, 0x6e, 0x9c, 0x00, 0x6e, 0x7c, 0xa4, 0x00, 0x6c, 0x7f,
	0xab, 0x00, 0x5c, 0x71, 0x9e, 0x00, 0x66, 0x73, 0x98, 0x00, 0x73, 0x83,
	0xaf, 0x00, 0x77, 0x8b, 0xb7, 0x00, 0x72, 0x80, 0xa4, 0x00, 0x71, 0x7e,
	0xa3, 0x00, 0x6d, 0x80, 0xaf, 0x00, 0x83, 0x9f, 0xd0, 0x00, 0x94, 0xab,
	0xd3, 0x00, 0x9f, 0xb7, 0xdf, 0x00, 0x57, 0x61, 0x77, 0x00, 0x74, 0x93,
	0xb1, 0x00, 0x93, 0xb9, 0xd5, 0x00, 0x9a, 0xbd, 0xd4, 0x00, 0x95, 0xb9,
	0xd5, 0x00, 0x96, 0xba, 0xd6, 0x00, 0x9d, 0xc0, 0xde, 0x00, 0x9b, 0xbe,
	0xe2, 0x00, 0x95, 0xba, 0xe1, 0x00, 0x93, 0xba, 0xda, 0x00, 0x99, 0xbe,
	0xe1, 0x00, 0x96, 0xbb, 0xe5, 0x00, 0x9b, 0xbc, 0xd3, 0x00, 0x96, 0xba,
	0xd0, 0x00, 0x85, 0xac, 0xc9, 0x00, 0x74, 0x93, 0xaf, 0x00, 0x5c, 0x6d,
	0x80, 0x00, 0x63, 0x71, 0x89, 0x00, 0x68, 0x73, 0x8c, 0x00, 0x7d, 0x90,
	0xb6, 0x00, 0x70, 0x87, 0xb9, 0x00, 0x61, 0x77, 0xac, 0x00, 0x58, 0x6e,
	0xa0, 0x00, 0x5a, 0x6d, 0x9b, 0x00, 0x58, 0x69, 0x95, 0x00, 0x5e, 0x63,
	0x7c, 0x00, 0x7f, 0x81, 0x95, 0x00, 0x5f, 0x6a, 0x73, 0x00, 0x5a, 0x67,
	0x78, 0x00, 0x50, 0x5e, 0x84, 0x00, 0x49, 0x50, 0x6b, 0x00, 0x5e, 0x6b,
	0x90, 0x00, 0x62, 0x6d, 0x8b, 0x00, 0x48, 0x4f, 0x6a, 0x00, 0x48, 0x53,
	0x75, 0x00, 0x52, 0x5e, 0x82, 0x00, 0x6a, 0x75, 0x98, 0x00, 0x71, 0x7d,
	0xa5, 0x00, 0x7e, 0x8b, 0xb5, 0x00, 0x7f, 0x8d, 0xb7, 0x00, 0x63, 0x72,
	0x9a, 0x00, 0x5c, 0x67, 0x88, 0x00, 0x6c, 0x7c, 0xa3, 0x00, 0x6c, 0x81,
	0xb1, 0x00, 0x78, 0x94, 0xca, 0x00, 0x71, 0x86, 0xaf, 0x00, 0x7d, 0x8c,
	0xa9, 0x00, 0x70, 0x7d, 0x98, 0x00, 0x63, 0x77, 0x8d, 0x00, 0x8d, 0xb4,
	0xd3, 0x00, 0x96, 0xba, 0xd1, 0x00, 0x9a, 0xbd, 0xd8, 0x00, 0x8d, 0xb3,
	0xd3, 0x00, 0x94, 0xb8, 0xd8, 0x00, 0x98, 0xbc, 0xdd, 0x00, 0x99, 0xbe,
	0xe0, 0x00, 0x97, 0xbc, 0xde, 0x00, 0xa3, 0xc7, 0xe1, 0x00, 0xc0, 0xda,
	0xe8, 0x00, 0xca, 0xe1, 0xef, 0x00, 0x94, 0xb5, 0xcd, 0x00, 0x8b, 0xaf,
	0xc4, 0x00, 0x82, 0xaa, 0xc4, 0x00, 0x78, 0x99, 0xb3, 0x00, 0x77, 0x95,
	0xb2, 0x00, 0x6d, 0x7a, 0x8e, 0x00, 0x5a, 0x60, 0x71, 0x00, 0x6c, 0x7a,
	0x9a, 0x00, 0x80, 0x96, 0xc4, 0x00, 0x6e, 0x8a, 0xc5, 0x00, 0x5f, 0x77,
	0xad, 0x00, 0x5d, 0x72, 0xa1, 0x00, 0x50, 0x61, 0x8b, 0x00, 0x72, 0x74,
	0x8b, 0x00, 0x6d, 0x79, 0x83, 0x00, 0xaf, 0xbc, 0xb4, 0x00, 0xbf, 0xc9,
	0xc0, 0x00, 0x50, 0x5b, 0x6d, 0x00, 0x53, 0x5d, 0x7f, 0x00, 0x5a, 0x68,
	0x8d, 0x00, 0x71, 0x81, 0xac, 0x00, 0x66, 0x70, 0x8f, 0x00, 0x50, 0x56,
	0x6f, 0x00, 0x47, 0x52, 0x75, 0x00, 0x57, 0x65, 0x8d, 0x00, 0x64, 0x71,
	0x99, 0x00, 0x73, 0x80, 0xa8, 0x00, 0x84, 0x8d, 0xb1, 0x00, 0x7c, 0x84,
	0xa9, 0x00, 0x58, 0x63, 0x87, 0x00, 0x5a, 0x66, 0x8d, 0x00, 0x5e, 0x6d,
	0x97, 0x00, 0x6a, 0x7d, 0xa7, 0x00, 0x6e, 0x7d, 0x9c, 0x00, 0x60, 0x67,
	0x7e, 0x00, 0x51, 0x56, 0x5e, 0x00, 0x97, 0xba, 0xd2, 0x00, 0x91, 0xb5,
	0xcf, 0x00, 0x93, 0xb8, 0xd5, 0x00, 0x89, 0xaf, 0xd3, 0x00, 0x8d, 0xb3,
	0xda, 0x00, 0x93, 0xb7, 0xe0, 0x00, 0x82, 0xab, 0xd2, 0x00, 0x8e, 0xb5,
	0xd5, 0x00, 0x98, 0xbe, 0xdb, 0x00, 0xa8, 0xca, 0xe4, 0x00, 0xdf, 0xf0,
	0xf5, 0x00, 0xe1, 0xf0, 0xf7, 0x00, 0x8c, 0xaf, 0xc5, 0x00, 0x7f, 0xa4,
	0xb9, 0x00, 0x7f, 0xa5, 0xbc, 0x00, 0x8a, 0xb2, 0xcb, 0x00, 0x81, 0xa8,
	0xc7, 0x00, 0x78, 0x9b, 0xba, 0x00, 0x75, 0x93, 0xb0, 0x00, 0x6c, 0x80,
	0x98, 0x00, 0x7e, 0x8e, 0xa6, 0x00, 0x69, 0x7a, 0xa0, 0x00, 0x5a, 0x6f,
	0x9e, 0x00, 0x5f, 0x74, 0xa5, 0x00, 0x54, 0x66, 0x90, 0x00, 0x7c, 0x81,
	0x9a, 0x00, 0x7d, 0x8d, 0x9a, 0x00, 0x7c, 0xa0, 0x9c, 0x00, 0x79, 0x8c,
	0x93, 0x00, 0x8c, 0x9a, 0xb4, 0x00, 0x78, 0x8f, 0xc0, 0x00, 0x6c, 0x82,
	0xb2, 0x00, 0x4a, 0x54, 0x73, 0x00, 0x5b, 0x65, 0x87, 0x00, 0x76, 0x84,
	0xae, 0x00, 0x65, 0x70, 0x91, 0x00, 0x52, 0x5a, 0x78, 0x00, 0x4c, 0x55,
	0x75, 0x00, 0x57, 0x65, 0x8f, 0x00, 0x67, 0x79, 0xaa, 0x00, 0x61, 0x6a,
	0x88, 0x00, 0x6c, 0x74, 0x90, 0x00, 0x7e, 0x8c, 0xb1, 0x00, 0x6b, 0x76,
	0x95, 0x00, 0x59, 0x62, 0x7a, 0x00, 0x67, 0x6f, 0x86, 0x00, 0x85, 0x8f,
	0xa5, 0x00, 0x6e, 0x7b, 0x8a, 0x00, 0x95, 0xb9, 0xd0, 0x00, 0x96, 0xbb,
	0xd2, 0x00, 0x96, 0xbb, 0xda, 0x00, 0x8a, 0xb0, 0xd7, 0x00, 0x93, 0xb7,
	0xe2, 0x00, 0x96, 0xb9, 0xe7, 0x00, 0x85, 0xad, 0xd7, 0x00, 0x89, 0xb0,
	0xd0, 0x00, 0x99, 0xbe, 0xdd, 0x00, 0x9d, 0xc1, 0xe1, 0x00, 0xab, 0xcb,
	0xe6, 0x00, 0xba, 0xd6, 0xee, 0x00, 0x7f, 0xa5, 0xbb, 0x00, 0x7c, 0xa3,
	0xb9, 0x00, 0x81, 0xa7, 0xbd, 0x00, 0x7e, 0xa6, 0xbb, 0x00, 0x81, 0xa8,
	0xc1, 0x00, 0x88, 0xae, 0xc7, 0x00, 0x8f, 0xb5, 0xcd, 0x00, 0x85, 0xae,
	0xcb, 0x00, 0x70, 0x86, 0x97, 0x00, 0x66, 0x74, 0x87, 0x00, 0x66, 0x74,
	0x91, 0x00, 0x57, 0x65, 0x83, 0x00, 0x54, 0x64, 0x87, 0x00, 0x74, 0x78,
	0x8a, 0x00, 0x6e, 0x77, 0x8e, 0x00, 0x58, 0x69, 0x7e, 0x00, 0x7e, 0x8b,
	0xa4, 0x00, 0xa1, 0xb6, 0xdd, 0x00, 0x72, 0x89, 0xbb, 0x00, 0x58, 0x62,
	0x7c, 0x00, 0x48, 0x4f, 0x68, 0x00, 0x52, 0x63, 0x8e, 0x00, 0x56, 0x65,
	0x8d, 0x00, 0x61, 0x6d, 0x93, 0x00, 0x67, 0x6d, 0x8a, 0x00, 0x75, 0x7a,
	0x96, 0x00, 0x78, 0x7d, 0x9a, 0x00, 0x76, 0x7c, 0x95, 0x00, 0x75, 0x7d,
	0x95, 0x00, 0x7f, 0x8a, 0xa7, 0x00, 0x6f, 0x7a, 0x92, 0x00, 0x5e, 0x67,
	0x7f, 0x00, 0x7d, 0x89, 0xa6, 0x00, 0x95, 0xa7, 0xc2, 0x00, 0xa1, 0xb4,
	0xd1, 0x00, 0x6d, 0x7e, 0x91, 0x00, 0x9c, 0xc1, 0xdc, 0x00, 0x96, 0xbb,
	0xd4, 0x00, 0x99, 0xbe, 0xda, 0x00, 0x92, 0xb8, 0xdb, 0x00, 0x99, 0xbd,
	0xe2, 0x00, 0x95, 0xb9, 0xe8, 0x00, 0x8c, 0xb2, 0xda, 0x00, 0x88, 0xb0,
	0xd3, 0x00, 0x8e, 0xb5, 0xd9, 0x00, 0x91, 0xb7, 0xda, 0x00, 0x93, 0xb8,
	0xde, 0x00, 0x9f, 0xc0, 0xe6, 0x00, 0x7d, 0xa6, 0xbe, 0x00, 0x7e, 0xa6,
	0xbf, 0x00, 0x79, 0xa2, 0xbc, 0x00, 0x7e, 0xa5, 0xc1, 0x00, 0x82, 0xa9,
	0xc4, 0x00, 0x85, 0xab, 0xc7, 0x00, 0x87, 0xac, 0xc9, 0x00, 0x83, 0xa9,
	0xc4, 0x00, 0x86, 0xa5, 0xbb, 0x00, 0x8a, 0xa8, 0xbc, 0x00, 0x6d, 0x7d,
	0x8e, 0x00, 0x70, 0x81, 0x93, 0x00, 0x64, 0x69, 0x74, 0x00, 0x71, 0x74,
	0x83, 0x00, 0x53, 0x5a, 0x75, 0x00, 0x6e, 0x7c, 0xa2, 0x00, 0x6e, 0x77,
	0x8e, 0x00, 0x78, 0x8c, 0xb6, 0x00, 0x60, 0x6c, 0x8b, 0x00, 0x55, 0x5c,
	0x72, 0x00, 0x79, 0x8a, 0xb5, 0x00, 0x8a, 0x9a, 0xc5, 0x00, 0x72, 0x81,
	0xab, 0x00, 0x4a, 0x54, 0x75, 0x00, 0x49, 0x52, 0x72, 0x00, 0x56, 0x63,
	0x8a, 0x00, 0x5c, 0x67, 0x88, 0x00, 0x63, 0x6d, 0x89, 0x00, 0x7c, 0x8c,
	0xad, 0x00, 0x74, 0x81, 0x99, 0x00, 0x5c, 0x63, 0x79, 0x00, 0x77, 0x82,
	0x9f, 0x00, 0x8d, 0x9d, 0xba, 0x00, 0x9f, 0xb2, 0xd0, 0x00, 0x89, 0x97,
	0xaf, 0x00, 0x73, 0x89, 0x9e, 0x00, 0x9e, 0xc6, 0xe2, 0x00, 0x97, 0xbc,
	0xd4, 0x00, 0x96, 0xbd, 0xd7, 0x00, 0x96, 0xbd, 0xd9, 0x00, 0x9f, 0xc3,
	0xe2, 0x00, 0x97, 0xbc, 0xe4, 0x00, 0x98, 0xbd, 0xdb, 0x00, 0x96, 0xbc,
	0xd6, 0x00, 0x8c, 0xb4, 0xd5, 0x00, 0x89, 0xb2, 0xd4, 0x00, 0x96, 0xba,
	0xe3, 0x00, 0xb8, 0xd2, 0xf2, 0x00, 0x7b, 0xa4, 0xbb, 0x00, 0x85, 0xad,
	0xc2, 0x00, 0x88, 0xaf, 0xc5, 0x00, 0x7e, 0xa5, 0xc4, 0x00, 0x80, 0xa8,
	0xc6, 0x00, 0x84, 0xaa, 0xc9, 0x00, 0x84, 0xaa, 0xca, 0x00, 0x8d, 0xb1,
	0xca, 0x00, 0x9e, 0xc0, 0xd6, 0x00, 0x9a, 0xbc, 0xd3, 0x00, 0x94, 0xb8,
	0xd3, 0x00, 0x95, 0xbb, 0xd4, 0x00, 0x79, 0x82, 0x8e, 0x00, 0x7b, 0x83,
	0x9b, 0x00, 0x72, 0x83, 0xae, 0x00, 0x63, 0x72, 0x95, 0x00, 0x59, 0x64,
	0x80, 0x00, 0x68, 0x78, 0xa0, 0x00, 0x55, 0x5a, 0x6b, 0x00, 0x7e, 0x8a,
	0xa6, 0x00, 0xa9, 0xb6, 0xd9, 0x00, 0xa9, 0xb8, 0xdc, 0x00, 0x66, 0x70,
	0x8e, 0x00, 0x5f, 0x6d, 0x92, 0x00, 0x6a, 0x7d, 0xa7, 0x00, 0x71, 0x86,
	0xb1, 0x00, 0x6b, 0x78, 0x95, 0x00, 0x80, 0x8e, 0xaa, 0x00, 0x56, 0x5b,
	0x67, 0x00, 0x54, 0x55, 0x5c, 0x00, 0x7c, 0x87, 0xa6, 0x00, 0x77, 0x82,
	0xa3, 0x00, 0x8b, 0x9a, 0xb7, 0x00, 0x9f, 0xb2, 0xd4, 0x00, 0x7e, 0x8a,
	0x9f, 0x00, 0x8d, 0xa9, 0xc0, 0x00, 0xa2, 0xc8, 0xe2, 0x00, 0xa3, 0xc5,
	0xd9, 0x00, 0xa5, 0xc8, 0xdc, 0x00, 0xa0, 0xc5, 0xdc, 0x00, 0xa0, 0xc5,
	0xdc, 0x00, 0x9a, 0xbf, 0xd5, 0x00, 0x9f, 0xc4, 0xd7, 0x00, 0xa3, 0xc7,
	0xdb, 0x00, 0x9a, 0xc0, 0xd9, 0x00, 0x8e, 0xb6, 0xd1, 0x00, 0x93, 0xb9,
	0xdc, 0x00, 0xad, 0xca, 0xf0, 0x00, 0x7d, 0xa4, 0xb8, 0x00, 0x7f, 0xa8,
	0xbb, 0x00, 0x8a, 0xb1, 0xc7, 0x00, 0x89, 0xae, 0xc6, 0x00, 0x87, 0xad,
	0xc8, 0x00, 0x8d, 0xb2, 0xcd, 0x00, 0x94, 0xb7, 0xce, 0x00, 0x96, 0xb9,
	0xce, 0x00, 0x9b, 0xbd, 0xd3, 0x00, 0x98, 0xbc, 0xd8, 0x00, 0x99, 0xc0,
	0xdb, 0x00, 0x84, 0xa4, 0xb9, 0x00, 0x6a, 0x70, 0x7a, 0x00, 0x93, 0xa2,
	0xca, 0x00, 0x74, 0x81, 0xa5, 0x00, 0x72, 0x78, 0x88, 0x00, 0x9d, 0xb2,
	0xd8, 0x00, 0x6f, 0x7f, 0xa4, 0x00, 0x43, 0x44, 0x4e, 0x00, 0x85, 0x8f,
	0xa5, 0x00, 0xbb, 0xcc, 0xeb, 0x00, 0x7b, 0x8c, 0xb3, 0x00, 0x6d, 0x80,
	0xaa, 0x00, 0x64, 0x75, 0x99, 0x00, 0x49, 0x4d, 0x58, 0x00, 0x5a, 0x63,
	0x74, 0x00, 0x5e, 0x66, 0x6f, 0x00, 0x76, 0x80, 0x8a, 0x00, 0x8f, 0x9e,
	0xa3, 0x00, 0x87, 0x95, 0x9e, 0x00, 0x73, 0x81, 0xa0, 0x00, 0x7a, 0x84,
	0xa6, 0x00, 0x8d, 0x9c, 0xbd, 0x00, 0xa1, 0xb4, 0xd5, 0x00, 0x91, 0xa1,
	0xb2, 0x00, 0xa5, 0xc7, 0xdf, 0x00, 0xa3, 0xc6, 0xdd, 0x00, 0xa8, 0xcb,
	0xdf, 0x00, 0xa9, 0xcc, 0xdf, 0x00, 0xa7, 0xc9, 0xde, 0x00, 0x9c, 0xc2,
	0xd9, 0x00, 0x9b, 0xc1, 0xd5, 0x00, 0x9f, 0xc4, 0xd9, 0x00, 0xa5, 0xc9,
	0xde, 0x00, 0xa0, 0xc6, 0xdb, 0x00, 0xa6, 0xc9, 0xda, 0x00, 0x9f, 0xc2,
	0xd9, 0x00, 0xa3, 0xc5, 0xe6, 0x00, 0x80, 0xa7, 0xbf, 0x00, 0x7a, 0xa3,
	0xbc, 0x00, 0x80, 0xa8, 0xc0, 0x00, 0x8b, 0xb1, 0xc8, 0x00, 0x8d, 0xb3,
	0xcc, 0x00, 0x94, 0xb8, 0xd1, 0x00, 0x99, 0xbc, 0xd3, 0x00, 0x9a, 0xbc,
	0xd4, 0x00, 0x96, 0xba, 0xd3, 0x00, 0x93, 0xb8, 0xd4, 0x00, 0x97, 0xbe,
	0xda, 0x00, 0x82, 0x9d, 0xae, 0x00, 0x7c, 0x84, 0x97, 0x00, 0x97, 0xa8,
	0xd3, 0x00, 0x66, 0x71, 0x8d, 0x00, 0x7e, 0x8c, 0xa5, 0x00, 0xa1, 0xb3,
	0xd0, 0x00, 0x72, 0x81, 0xa1, 0x00, 0x40, 0x3d, 0x42, 0x00, 0xaf, 0xbc,
	0xd0, 0x00, 0x9d, 0xb5, 0xdf, 0x00, 0x76, 0x8e, 0xbf, 0x00, 0x61, 0x73,
	0x91, 0x00, 0x6c, 0x73, 0x78, 0x00, 0x81, 0x95, 0xa1, 0x00, 0x97, 0xb4,
	0xc3, 0x00, 0x9f, 0xb8, 0xc5, 0x00, 0xc0, 0xd9, 0xe1, 0x00, 0xcd, 0xea,
	0xf3, 0x00, 0xab, 0xbf, 0xc3, 0x00, 0x61, 0x6c, 0x82, 0x00, 0x7f, 0x8d,
	0xb1, 0x00, 0x8f, 0x9e, 0xc1, 0x00, 0xa4, 0xb3, 0xd0, 0x00, 0xa0, 0xb6,
	0xc7, 0x00, 0xb1, 0xd2, 0xe8, 0x00, 0xa0, 0xc3, 0xdf, 0x00, 0xa2, 0xc4,
	0xe4, 0x00, 0xb9, 0xd4, 0xf0, 0x00, 0xac, 0xcc, 0xe8, 0x00, 0xb8, 0xd4,
	0xe9, 0x00, 0xa3, 0xc6, 0xe0, 0x00, 0x9e, 0xc3, 0xda, 0x00, 0xa8, 0xcc,
	0xdf, 0x00, 0xa5, 0xc9, 0xdc, 0x00, 0xb1, 0xd0, 0xda, 0x00, 0xac, 0xcd,
	0xdc, 0x00, 0x9d, 0xc2, 0xd9, 0x00, 0x81, 0xa9, 0xc2, 0x00, 0x83, 0xaa,
	0xc4, 0x00, 0x8b, 0xb2, 0xca, 0x00, 0x8e, 0xb4, 0xcf, 0x00, 0x8c, 0xb3,
	0xd1, 0x00, 0x93, 0xb8, 0xd6, 0x00, 0x9b, 0xbe, 0xd9, 0x00, 0xa0, 0xc2,
	0xdb, 0x00, 0x98, 0xbc, 0xd7, 0x00, 0x93, 0xb8, 0xd4, 0x00, 0x95, 0xbd,
	0xd9, 0x00, 0x7e, 0x96, 0xa1, 0x00, 0x77, 0x82, 0x9a, 0x00, 0xa2, 0xb3,
	0xde, 0x00, 0x61, 0x66, 0x7c, 0x00, 0x71, 0x78, 0x86, 0x00, 0x96, 0xaa,
	0xcd, 0x00, 0x54, 0x5e, 0x77, 0x00, 0x92, 0x97, 0xa0, 0x00, 0xc1, 0xdc,
	0xff, 0x00, 0x77, 0x8d, 0xbb, 0x00, 0x51, 0x5e, 0x77, 0x00, 0x7f, 0x8d,
	0x96, 0x00, 0xb4, 0xd6, 0xef, 0x00, 0x9c, 0xc5, 0xde, 0x00, 0xa2, 0xc8,
	0xdb, 0x00, 0xa9, 0xcd, 0xe1, 0x00, 0xae, 0xd0, 0xe1, 0x00, 0xb8, 0xd5,
	0xe3, 0x00, 0xc2, 0xdd, 0xe5, 0x00, 0x6f, 0x79, 0x82, 0x00, 0x76, 0x86,
	0xac, 0x00, 0x8d, 0x9e, 0xc5, 0x00, 0x96, 0xa4, 0xbd, 0x00, 0x90, 0xa8,
	0xbd, 0x00, 0x9d, 0xc3, 0xe5, 0x00, 0x9c, 0xc0, 0xe0, 0x00, 0xbc, 0xd6,
	0xf0, 0x00, 0xb7, 0xd4, 0xec, 0x00, 0x9c, 0xc1, 0xdc, 0x00, 0xbc, 0xd8,
	0xe7, 0x00, 0xbe, 0xda, 0xef, 0x00, 0xa8, 0xca, 0xe1, 0x00, 0xa2, 0xc7,
	0xd8, 0x00, 0xa6, 0xc9, 0xda, 0x00, 0xac, 0xce, 0xda, 0x00, 0xa0, 0xc5,
	0xd8, 0x00, 0xa1, 0xc6, 0xd8, 0x00, 0x8b, 0xb1, 0xca, 0x00, 0x8a, 0xb2,
	0xca, 0x00, 0x8f, 0xb6, 0xd1, 0x00, 0x94, 0xba, 0xd7, 0x00, 0x8f, 0xb5,
	0xd7, 0x00, 0x95, 0xb8, 0xdb, 0x00, 0x99, 0xbc, 0xdc, 0x00, 0xa3, 0xc5,
	0xdf, 0x00, 0xa0, 0xc2, 0xdf, 0x00, 0x98, 0xbc, 0xd6, 0x00, 0x9b, 0xc3,
	0xdb, 0x00, 0x7d, 0x95, 0xa1, 0x00, 0x77, 0x80, 0x95, 0x00, 0xab, 0xbe,
	0xee, 0x00, 0x7d, 0x89, 0xad, 0x00, 0x7b, 0x88, 0xa8, 0x00, 0x7b, 0x89,
	0xbf, 0x00, 0x63, 0x65, 0x77, 0x00, 0xc4, 0xdb, 0xf8, 0x00, 0x78, 0x8c,
	0xb2, 0x00, 0x44, 0x4b, 0x5f, 0x00, 0x7a, 0x8f, 0x98, 0x00, 0xa6, 0xcc,
	0xe1, 0x00, 0x98, 0xbd, 0xd2, 0x00, 0x96, 0xbd, 0xd0, 0x00, 0xa5, 0xc8,
	0xdb, 0x00, 0xb5, 0xd4, 0xdf, 0x00, 0xae, 0xcf, 0xdf, 0x00, 0xab, 0xcb,
	0xdf, 0x00, 0xbe, 0xde, 0xed, 0x00, 0x9e, 0xae, 0xb3, 0x00, 0x65, 0x72,
	0x8f, 0x00, 0xa6, 0xbc, 0xe5, 0x00, 0x94, 0x9c, 0xac, 0x00, 0x8a, 0xa5,
	0xbf, 0x00, 0x8f, 0xb8, 0xde, 0x00, 0xa2, 0xc4, 0xe2, 0x00, 0xae, 0xcd,
	0xe7, 0x00, 0xa8, 0xca, 0xdd, 0x00, 0xa0, 0xc3, 0xd8, 0x00, 0xa5, 0xc8,
	0xd7, 0x00, 0xb9, 0xd6, 0xe7, 0x00, 0xb0, 0xd0, 0xe6, 0x00, 0xa1, 0xc5,
	0xd5, 0x00, 0xac, 0xce, 0xdc, 0x00, 0xb1, 0xd1, 0xdd, 0x00, 0xa2, 0xc7,
	0xda, 0x00, 0xa7, 0xcb, 0xdc, 0x00, 0x8d, 0xb3, 0xcc, 0x00, 0x8a, 0xb1,
	0xca, 0x00, 0x8d, 0xb4, 0xd1, 0x00, 0x8f, 0xb4, 0xd4, 0x00, 0x91, 0xb6,
	0xd6, 0x00, 0x9b, 0xbc, 0xe3, 0x00, 0x8f, 0xb3, 0xdb, 0x00, 0x9d, 0xbf,
	0xdf, 0x00, 0xa3, 0xc4, 0xe2, 0x00, 0xa2, 0xc3, 0xde, 0x00, 0x9e, 0xc4,
	0xda, 0x00, 0x80, 0x9b, 0xa7, 0x00, 0x76, 0x7e, 0x91, 0x00, 0xa9, 0xbd,
	0xec, 0x00, 0x88, 0x91, 0xbc, 0x00, 0x70, 0x7a, 0xa9, 0x00, 0x67, 0x6c,
	0x97, 0x00, 0xa0, 0xaf, 0xc7, 0x00, 0x84, 0x98, 0xb9, 0x00, 0x48, 0x51,
	0x5f, 0x00, 0x88, 0xa4, 0xaf, 0x00, 0xa8, 0xce, 0xdb, 0x00, 0x97, 0xbb,
	0xcd, 0x00, 0x97, 0xbc, 0xcf, 0x00, 0xa1, 0xc5, 0xd7, 0x00, 0xa1, 0xc6,
	0xdd, 0x00, 0xb1, 0xd2, 0xde, 0x00, 0xb0, 0xd1, 0xde, 0x00, 0xaa, 0xcc,
	0xde, 0x00, 0xad, 0xce, 0xe1, 0x00, 0xbb, 0xda, 0xe9, 0x00, 0x64, 0x6b,
	0x75, 0x00, 0x7d, 0x88, 0x9c, 0x00, 0x9b, 0xa0, 0xa7, 0x00, 0x99, 0xb1,
	0xc7, 0x00, 0x94, 0xbb, 0xdc, 0x00, 0x9b, 0xbe, 0xdf, 0x00, 0x95, 0xba,
	0xd9, 0x00, 0xa3, 0xc6, 0xda, 0x00, 0xa5, 0xc7, 0xe0, 0x00, 0xa5, 0xc7,
	0xd8, 0x00, 0xae, 0xce, 0xdc, 0x00, 0xae, 0xcf, 0xe5, 0x00, 0xa3, 0xc6,
	0xd5, 0x00, 0xab, 0xcc, 0xd9, 0x00, 0xb2, 0xd2, 0xdc, 0x00, 0xad, 0xce,
	0xd9, 0x00, 0xb2, 0xd3, 0xdb, 0x00, 0x7f, 0xa7, 0xc5, 0x00, 0x92, 0xb8,
	0xd1, 0x00, 0x8e, 0xb4, 0xce, 0x00, 0x8f, 0xb4, 0xd1, 0x00, 0x92, 0xb7,
	0xd7, 0x00, 0x99, 0xbc, 0xde, 0x00, 0xa0, 0xc0, 0xe3, 0x00, 0xa0, 0xc1,
	0xe3, 0x00, 0x9a, 0xbc, 0xe2, 0x00, 0x9d, 0xc0, 0xdf, 0x00, 0x9b, 0xc0,
	0xd5, 0x00, 0x8e, 0xab, 0xba, 0x00, 0x79, 0x82, 0x90, 0x00, 0x96, 0xac,
	0xdf, 0x00, 0x83, 0x93, 0xcb, 0x00, 0x6e, 0x7b, 0xb1, 0x00, 0x93, 0xa0,
	0xba, 0x00, 0x94, 0xa3, 0xb8, 0x00, 0x57, 0x65, 0x7a, 0x00, 0x96, 0xba,
	0xd1, 0x00, 0xa5, 0xca, 0xd8, 0x00, 0xa3, 0xc5, 0xd4, 0x00, 0x9e, 0xc2,
	0xd9, 0x00, 0x9a, 0xbe, 0xd7, 0x00, 0x99, 0xbf, 0xd2, 0x00, 0x9f, 0xc4,
	0xd7, 0x00, 0xab, 0xce, 0xdf, 0x00, 0xab, 0xcd, 0xdd, 0x00, 0xa4, 0xc7,
	0xda, 0x00, 0x9a, 0xc0, 0xd8, 0x00, 0xa6, 0xca, 0xe0, 0x00, 0xa0, 0xbb,
	0xcb, 0x00, 0x63, 0x63, 0x69, 0x00, 0x7a, 0x7f, 0x88, 0x00, 0x9b, 0xbc,
	0xd5, 0x00, 0xa8, 0xca, 0xdf, 0x00, 0x97, 0xbd, 0xd7, 0x00, 0x91, 0xb8,
	0xd2, 0x00, 0x9c, 0xc0, 0xd5, 0x00, 0x9c, 0xc1, 0xdb, 0x00, 0x9f, 0xc2,
	0xdb, 0x00, 0xa4, 0xc7, 0xd7, 0x00, 0xb4, 0xd1, 0xe2, 0x00, 0xad, 0xcc,
	0xd9, 0x00, 0xab, 0xcc, 0xd9, 0x00, 0xb1, 0xd1, 0xde, 0x00, 0xba, 0xd8,
	0xde, 0x00, 0xb9, 0xd6, 0xd9, 0x00, 0x81, 0xa6, 0xc2, 0x00, 0x8b, 0xb2,
	0xcf, 0x00, 0x92, 0xb8, 0xcf, 0x00, 0x94, 0xb8, 0xd2, 0x00, 0x93, 0xb7,
	0xd9, 0x00, 0xb2, 0xcf, 0xec, 0x00, 0xc4, 0xdc, 0xf1, 0x00, 0x99, 0xba,
	0xd7, 0x00, 0x87, 0xac, 0xca, 0x00, 0x8b, 0xb2, 0xcf, 0x00, 0x98, 0xbd,
	0xd2, 0x00, 0x9d, 0xbe, 0xcd, 0x00, 0x75, 0x7f, 0x8a, 0x00, 0x94, 0xab,
	0xd6, 0x00, 0x80, 0x90, 0xcb, 0x00, 0x90, 0x9a, 0xbf, 0x00, 0x9e, 0xa7,
	0xb4, 0x00, 0x6b, 0x7c, 0x94, 0x00, 0x96, 0xbb, 0xda, 0x00, 0x9d, 0xc1,
	0xd4, 0x00, 0x97, 0xbc, 0xca, 0x00, 0x9b, 0xc1, 0xd2, 0x00, 0x9c, 0xc1,
	0xda, 0x00, 0xa3, 0xc7, 0xdd, 0x00, 0x9f, 0xc3, 0xd8, 0x00, 0x9e, 0xc3,
	0xd8, 0x00, 0xb4, 0xd5, 0xe1, 0x00, 0xb4, 0xd3, 0xde, 0x00, 0xa2, 0xc6,
	0xd9, 0x00, 0x9c, 0xc1, 0xd3, 0x00, 0x9d, 0xc1, 0xd7, 0x00, 0xa1, 0xc6,
	0xdb, 0x00, 0xb1, 0xcf, 0xe1, 0x00, 0x97, 0xb2, 0xc2, 0x00, 0x9e, 0xc1,
	0xd6, 0x00, 0xa2, 0xc5, 0xd8, 0x00, 0xa2, 0xc5, 0xd8, 0x00, 0x97, 0xbc,
	0xd4, 0x00, 0x9e, 0xc2, 0xd6, 0x00, 0x98, 0xbe, 0xd7, 0x00, 0x99, 0xbf,
	0xdb, 0x00, 0x97, 0xbc, 0xd9, 0x00, 0xa7, 0xc8, 0xdc, 0x00, 0xaa, 0xca,
	0xdb, 0x00, 0x9e, 0xc2, 0xd9, 0x00, 0xa5, 0xc8, 0xde, 0x00, 0xb9, 0xd8,
	0xe1, 0x00, 0xc1, 0xdc, 0xdf, 0x00, 0x88, 0xae, 0xca, 0x00, 0x88, 0xb0,
	0xc9, 0x00, 0x8f, 0xb6, 0xcd, 0x00, 0x8f, 0xb6, 0xcc, 0x00, 0x93, 0xb6,
	0xd2, 0x00, 0x98, 0xba, 0xdb, 0x00, 0x93, 0xb6, 0xd2, 0x00, 0x87, 0xad,
	0xc3, 0x00, 0x8c, 0xb0, 0xcd, 0x00, 0x95, 0xb8, 0xd9, 0x00, 0x93, 0xb8,
	0xcf, 0x00, 0xa1, 0xc6, 0xd6, 0x00, 0x7e, 0x8e, 0x97, 0x00, 0x9f, 0xb2,
	0xd1, 0x00, 0xa6, 0xbd, 0xe6, 0x00, 0x87, 0x8e, 0x9f, 0x00, 0x71, 0x82,
	0x93, 0x00, 0x91, 0xb7, 0xd6, 0x00, 0x9e, 0xc1, 0xd1, 0x00, 0xa0, 0xc2,
	0xd1, 0x00, 0x95, 0xbb, 0xc7, 0x00, 0xa1, 0xc5, 0xd2, 0x00, 0xaf, 0xcf,
	0xe4, 0x00, 0xc2, 0xdc, 0xe9, 0x00, 0xbc, 0xd9, 0xea, 0x00, 0xa2, 0xc7,
	0xe0, 0x00, 0xa7, 0xcb, 0xd8, 0x00, 0xb3, 0xd3, 0xde, 0x00, 0xa9, 0xcb,
	0xdd, 0x00, 0x9e, 0xc3, 0xd5, 0x00, 0xa0, 0xc5, 0xd9, 0x00, 0x9f, 0xc3,
	0xd7, 0x00, 0x9c, 0xc1, 0xd5, 0x00, 0xa5, 0xc9, 0xd8, 0x00, 0xa4, 0xc6,
	0xd5, 0x00, 0x99, 0xbd, 0xd2, 0x00, 0x9b, 0xc1, 0xd6, 0x00, 0x9e, 0xc2,
	0xd8, 0x00, 0xa5, 0xc7, 0xd8, 0x00, 0xa6, 0xc7, 0xdd, 0x00, 0xac, 0xcc,
	0xe0, 0x00, 0xa8, 0xca, 0xe1, 0x00, 0xae, 0xcd, 0xe4, 0x00, 0xaa, 0xca,
	0xde, 0x00, 0x99, 0xbe, 0xd4, 0x00, 0x9b, 0xbf, 0xd7, 0x00, 0xaa, 0xcb,
	0xdc, 0x00, 0xc4, 0xde, 0xe4, 0x00, 0x88, 0xaf, 0xcc, 0x00, 0x8d, 0xb5,
	0xca, 0x00, 0x92, 0xb9, 0xcc, 0x00, 0x93, 0xb8, 0xca, 0x00, 0x86, 0xae,
	0xc5, 0x00, 0x80, 0xa9, 0xc1, 0x00, 0x88, 0xae, 0xc3, 0x00, 0x8d, 0xb3,
	0xc7, 0x00, 0x95, 0xb9, 0xd3, 0x00, 0x9c, 0xbf, 0xde, 0x00, 0x93, 0xb8,
	0xd2, 0x00, 0x9d, 0xc3, 0xd5, 0x00, 0x88, 0x9e, 0xa9, 0x00, 0x6c, 0x72,
	0x80, 0x00, 0x82, 0x8a, 0x9a, 0x00, 0x69, 0x79, 0x87, 0x00, 0x8c, 0xb4,
	0xce, 0x00, 0x96, 0xba, 0xcc, 0x00, 0x9f, 0xc3, 0xd4, 0x00, 0x95, 0xbb,
	0xcc, 0x00, 0x96, 0xbc, 0xca, 0x00, 0xbb, 0xd7, 0xe7, 0x00, 0xc6, 0xdd,
	0xf2, 0x00, 0xba, 0xd5, 0xe8, 0x00, 0xbf, 0xdb, 0xe9, 0x00, 0xa5, 0xc9,
	0xd9, 0x00, 0xa3, 0xc7, 0xd0, 0x00, 0xb2, 0xd3, 0xde, 0x00, 0xb4, 0xd4,
	0xe1, 0x00, 0xa4, 0xc8, 0xd5, 0x00, 0xa4, 0xc8, 0xd5, 0x00, 0xb1, 0xd0,
	0xdd, 0x00, 0xac, 0xcc, 0xdd, 0x00, 0xa9, 0xca, 0xd8, 0x00, 0xb8, 0xd5,
	0xdf, 0x00, 0xcc, 0xdf, 0xee, 0x00, 0x9b, 0xbf, 0xd3, 0x00, 0xa3, 0xc5,
	0xd7, 0x00, 0xb1, 0xd0, 0xe2, 0x00, 0xae, 0xce, 0xe6, 0x00, 0xad, 0xce,
	0xe3, 0x00, 0xb1, 0xd0, 0xe1, 0x00, 0xaf, 0xce, 0xe6, 0x00, 0xab, 0xcb,
	0xe5, 0x00, 0xa0, 0xc3, 0xdd, 0x00, 0x96, 0xbd, 0xd5, 0x00, 0xa2, 0xc5,
	0xd9, 0x00, 0xba, 0xd8, 0xde, 0x00, 0x8c, 0xb3, 0xcc, 0x00, 0x8d, 0xb4,
	0xca, 0x00, 0x8d, 0xb4, 0xcb, 0x00, 0x96, 0xba, 0xcb, 0x00, 0x8e, 0xb4,
	0xc9, 0x00, 0x8c, 0xb2, 0xc6, 0x00, 0x8f, 0xb3, 0xc2, 0x00, 0x95, 0xb9,
	0xc8, 0x00, 0x99, 0xbc, 0xcf, 0x00, 0x9a, 0xbf, 0xd5, 0x00, 0x9b, 0xbf,
	0xd6, 0x00, 0x9c, 0xc2, 0xd8, 0x00, 0x8c, 0xa8, 0xb5, 0x00, 0x61, 0x65,
	0x68, 0x00, 0x7d, 0x8e, 0x9b, 0x00, 0xa2, 0xc5, 0xd5, 0x00, 0x97, 0xbb,
	0xd0, 0x00, 0x9c, 0xc0, 0xd4, 0x00, 0xa3, 0xc6, 0xd9, 0x00, 0x95, 0xbb,
	0xcd, 0x00, 0x9f, 0xc3, 0xd6, 0x00, 0xc0, 0xda, 0xf3, 0x00, 0xd0, 0xe5,
	0xfa, 0x00, 0xbf, 0xdb, 0xec, 0x00, 0xa0, 0xc6, 0xd9, 0x00, 0xa7, 0xca,
	0xda, 0x00, 0xad, 0xd0, 0xd7, 0x00, 0xac, 0xce, 0xd9, 0x00, 0xb1, 0xd3,
	0xde, 0x00, 0xa6, 0xc8, 0xd7, 0x00, 0x9f, 0xc3, 0xd0, 0x00, 0xae, 0xcf,
	0xdc, 0x00, 0xb9, 0xd6, 0xe5, 0x00, 0xbb, 0xd6, 0xed, 0x00, 0xb2, 0xd1,
	0xe7, 0x00, 0xd7, 0xe8, 0xf8, 0x00, 0xcf, 0xe2, 0xf1, 0x00, 0xa5, 0xc8,
	0xdb, 0x00, 0xb1, 0xd0, 0xeb, 0x00, 0xbe, 0xd8, 0xf5, 0x00, 0xc2, 0xdb,
	0xef, 0x00, 0xc4, 0xdd, 0xeb, 0x00, 0xc0, 0xda, 0xf0, 0x00, 0xaf, 0xcf,
	0xea, 0x00, 0xaa, 0xc9, 0xe5, 0x00, 0x9b, 0xc0, 0xd6, 0x00, 0x9f, 0xc3,
	0xd8, 0x00, 0xb8, 0xd6, 0xde, 0x00, 0x8c, 0xb2, 0xc8, 0x00, 0x86, 0xae,
	0xc9, 0x00, 0x86, 0xae, 0xcb, 0x00, 0x90, 0xb6, 0xca, 0x00, 0x95, 0xb9,
	0xca, 0x00, 0xab, 0xca, 0xde, 0x00, 0xac, 0xcb, 0xdc, 0x00, 0xac, 0xcb,
	0xd8, 0x00, 0xab, 0xcb, 0xd9, 0x00, 0x9e, 0xc1, 0xd6, 0x00, 0x96, 0xbd,
	0xd2, 0x00, 0x9a, 0xbf, 0xd3, 0x00, 0xa0, 0xc1, 0xd4, 0x00, 0x9d, 0xbc,
	0xcc, 0x00, 0xa1, 0xc7, 0xda, 0x00, 0xa2, 0xc4, 0xd1, 0x00, 0x91, 0xb7,
	0xce, 0x00, 0x9c, 0xc0, 0xd4, 0x00, 0xa9, 0xcb, 0xda, 0x00, 0x96, 0xbc,
	0xce, 0x00, 0xae, 0xce, 0xde, 0x00, 0xd2, 0xe6, 0xf6, 0x00, 0xd0, 0xe6,
	0xf4, 0x00, 0xca, 0xe3, 0xf2, 0x00, 0xa6, 0xc9, 0xdc, 0x00, 0xaa, 0xcd,
	0xda, 0x00, 0xbb, 0xd9, 0xe1, 0x00, 0xaf, 0xcf, 0xd7, 0x00, 0xb2, 0xd3,
	0xd9, 0x00, 0xba, 0xd7, 0xe1, 0x00, 0xb2, 0xd1, 0xdc, 0x00, 0xc1, 0xdc,
	0xe6, 0x00, 0xc1, 0xda, 0xf1, 0x00, 0xbc, 0xd6, 0xf5, 0x00, 0xb2, 0xcf,
	0xef, 0x00, 0xba, 0xd6, 0xf1, 0x00, 0xcd, 0xe2, 0xf9, 0x00, 0xb8, 0xd4,
	0xe9, 0x00, 0xb0, 0xd0, 0xe8, 0x00, 0xbf, 0xd9, 0xf6, 0x00, 0xd3, 0xe6,
	0xf9, 0x00, 0xdf, 0xec, 0xf9, 0x00, 0xd7, 0xe7, 0xf7, 0x00, 0xbf, 0xd9,
	0xf1, 0x00, 0xb3, 0xd1, 0xe5, 0x00, 0xa6, 0xc8, 0xd9, 0x00, 0xa3, 0xc5,
	0xd7, 0x00, 0xb1, 0xcf, 0xdc, 0x00
};
